#
# A fatal error has been detected by the Java Runtime Environment:
#
#  EXCEPTION_ACCESS_VIOLATION (0xc0000005) at pc=0x00007ffac823cfb6, pid=11936, tid=3872
#
# JRE version: OpenJDK Runtime Environment (11.0.8+10) (build 11.0.8+10-b944.6842174)
# Java VM: OpenJDK 64-Bit Server VM (11.0.8+10-b944.6842174, mixed mode, tiered, compressed oops, g1 gc, windows-amd64)
# Problematic frame:
# V  [jvm.dll+0x5bcfb6]
#
# No core dump will be written. Minidumps are not enabled by default on client versions of Windows
#
# If you would like to submit a bug report, please visit:
#   https://bugreport.java.com/bugreport/crash.jsp
#

---------------  S U M M A R Y ------------

Command Line: --add-opens=java.base/java.util=ALL-UNNAMED --add-opens=java.base/java.lang=ALL-UNNAMED --add-opens=java.base/java.lang.invoke=ALL-UNNAMED --add-opens=java.prefs/java.util.prefs=ALL-UNNAMED -Xmx2048m -Dfile.encoding=UTF-8 -Duser.country=RU -Duser.language=ru -Duser.variant org.gradle.launcher.daemon.bootstrap.GradleDaemon 6.7.1

Host: Intel(R) Core(TM) i5-1035G1 CPU @ 1.00GHz, 8 cores, 7G,  Windows 10 , 64 bit Build 19041 (10.0.19041.1023)
Time: Thu Jul 29 18:23:52 2021 RTZ 2 (зима) elapsed time: 417 seconds (0d 0h 6m 57s)

---------------  T H R E A D  ---------------

Current thread (0x0000015dd3943800):  JavaThread "C2 CompilerThread1" daemon [_thread_in_native, id=3872, stack(0x0000005a6f200000,0x0000005a6f300000)]


Current CompileTask:
C2: 417953 16161       4       sun.nio.fs.WindowsPath::subpath (155 bytes)

Stack: [0x0000005a6f200000,0x0000005a6f300000],  sp=0x0000005a6f2fd190,  free space=1012k
Native frames: (J=compiled Java code, j=interpreted, Vv=VM code, C=native code)
V  [jvm.dll+0x5bcfb6]
V  [jvm.dll+0x5bceb4]
V  [jvm.dll+0x34caf2]
V  [jvm.dll+0x34d712]
V  [jvm.dll+0x2cc73c]
V  [jvm.dll+0x5a6b1b]
V  [jvm.dll+0x10050c]
V  [jvm.dll+0x32eab9]
V  [jvm.dll+0x5ff92c]
V  [jvm.dll+0x5feb17]
V  [jvm.dll+0x5f9be6]
V  [jvm.dll+0x5f364a]
V  [jvm.dll+0x5f2cb8]
V  [jvm.dll+0x5f0cb2]
V  [jvm.dll+0x181b0c]
V  [jvm.dll+0x2b11b3]
V  [jvm.dll+0x5fb7e9]
V  [jvm.dll+0x5f364a]
V  [jvm.dll+0x5f2cb8]
V  [jvm.dll+0x5f0cb2]
V  [jvm.dll+0x181b0c]
V  [jvm.dll+0x1f65f5]
V  [jvm.dll+0x17f32c]
V  [jvm.dll+0x205047]
V  [jvm.dll+0x203891]
V  [jvm.dll+0x6dad3f]
V  [jvm.dll+0x6d3895]
V  [jvm.dll+0x5dd4a6]
C  [ucrtbase.dll+0x21bb2]
C  [KERNEL32.DLL+0x17034]
C  [ntdll.dll+0x52651]


siginfo: EXCEPTION_ACCESS_VIOLATION (0xc0000005), writing address 0x00000000b6ad6968


Register to memory mapping:

RIP=0x00007ffac823cfb6 jvm.dll
RAX=0x0000015dcc054fe8 points into unknown readable memory: 40 78 8c d3 5d 01 00 00
RBX=0x0000000008000074 is an unknown value
RCX=0x0000015dcc054ff0 points into unknown readable memory: 38 77 8c d3 5d 01 00 00
RDX=0x0000000000000001 is an unknown value
RSP=0x0000005a6f2fd190 is pointing into the stack for thread: 0x0000015dd3943800
RBP=0x0000005a6f2fe980 is pointing into the stack for thread: 0x0000015dd3943800
RSI=0x0000015dcc054ec8 points into unknown readable memory: 50 33 45 c8 fa 7f 00 00
RDI=
[error occurred during error reporting (printing register info), id 0xc0000005, EXCEPTION_ACCESS_VIOLATION (0xc0000005) at pc=0x00007ffac7f57297]

Registers:
RAX=0x0000015dcc054fe8, RBX=0x0000000008000074, RCX=0x0000015dcc054ff0, RDX=0x0000000000000001
RSP=0x0000005a6f2fd190, RBP=0x0000005a6f2fe980, RSI=0x0000015dcc054ec8, RDI=0x00000000b6ad6960
R8 =0x0000015dd3943800, R9 =0x0000000000000000, R10=0x0000015dcc054938, R11=0x0000015dcc054f10
R12=0x000000000000000c, R13=0x0000000000000012, R14=0x0000000000000001, R15=0x0000000000000474
RIP=0x00007ffac823cfb6, EFLAGS=0x0000000000010293

Top of Stack: (sp=0x0000005a6f2fd190)
0x0000005a6f2fd190:   0000000000000000 00007ffac8204d0e
0x0000005a6f2fd1a0:   0000005a6f2feb58 00007ffac823f25e
0x0000005a6f2fd1b0:   0000015dd4601738 0000015dcc054ec8
0x0000005a6f2fd1c0:   0000000000000004 00007ffac823ceb4
0x0000005a6f2fd1d0:   0000015dcc054ec8 00000000b6ad6960
0x0000005a6f2fd1e0:   0000015dcc054ec8 00007ffac7d42d92
0x0000005a6f2fd1f0:   0000005a6f2fd2d0 00007ffac7fccaf2
0x0000005a6f2fd200:   0000015dcc054fb0 0000005a6f2fdf20
0x0000005a6f2fd210:   00000000bf800000 0000000000000000
0x0000005a6f2fd220:   0000005a6f2fd2d0 00007ffac7fcd712
0x0000005a6f2fd230:   0000015dcc054ec8 0000015dd324ab30
0x0000005a6f2fd240:   0000015dd324ab30 0000005a6f2fd2d0
0x0000005a6f2fd250:   00000000bf800000 000000000000000c
0x0000005a6f2fd260:   0000015dd03b4268 00007ffac7f4c73c
0x0000005a6f2fd270:   0000015dd4603970 0000005a6f2fd349
0x0000005a6f2fd280:   0000000000000000 0000005a6f2fd770 

Instructions: (pc=0x00007ffac823cfb6)
0x00007ffac823ceb6:   28 48 8b 47 08 48 89 18 48 85 db 74 25 48 83 7b
0x00007ffac823cec6:   10 00 74 1e 8b 53 20 3b 53 24 75 08 48 8b cb e8
0x00007ffac823ced6:   c6 22 00 00 8b 4b 20 48 8b 43 10 48 89 3c c8 ff
0x00007ffac823cee6:   43 20 48 8b c7 48 8b 5c 24 30 48 83 c4 20 5f c3
0x00007ffac823cef6:   cc cc cc cc cc cc cc cc cc cc 48 89 5c 24 18 55
0x00007ffac823cf06:   41 56 41 57 48 83 ec 20 44 8b 05 f7 44 46 00 48
0x00007ffac823cf16:   8b d9 65 48 8b 04 25 58 00 00 00 b9 08 00 00 00
0x00007ffac823cf26:   4c 63 f2 4a 8b 04 c0 4c 8b 04 08 49 8b 80 c8 04
0x00007ffac823cf36:   00 00 48 8b a8 88 00 00 00 44 8b bd a8 01 00 00
0x00007ffac823cf46:   41 8d 47 01 89 85 a8 01 00 00 85 d2 7e 66 48 89
0x00007ffac823cf56:   74 24 40 49 8b f6 48 c1 e6 03 48 8b c6 48 89 7c
0x00007ffac823cf66:   24 48 48 f7 d0 48 8d bd d8 01 00 00 48 3b 47 18
0x00007ffac823cf76:   73 12 4c 8d 05 79 fd 18 00 48 8b d6 48 8b cf e8
0x00007ffac823cf86:   f6 c2 af ff 48 8b 47 18 48 8d 0c 30 48 3b 4f 20
0x00007ffac823cf96:   76 10 45 33 c0 48 8b d6 48 8b cf e8 ba be af ff
0x00007ffac823cfa6:   eb 04 48 89 4f 18 48 8b 7c 24 48 48 8b 74 24 40
0x00007ffac823cfb6:   48 89 43 08 4c 8b 85 a0 02 00 00 4d 85 c0 74 0b
0x00007ffac823cfc6:   41 8b d7 48 8b cd e8 bf 3d c4 ff 33 c0 44 89 73
0x00007ffac823cfd6:   1c 48 89 43 20 89 43 2c 41 8b c7 44 89 73 18 48
0x00007ffac823cfe6:   c7 43 10 ff ff ff ff 48 8b 5c 24 50 48 83 c4 20
0x00007ffac823cff6:   41 5f 41 5e 5d c3 cc cc cc cc 48 89 5c 24 08 57
0x00007ffac823d006:   48 83 ec 20 48 8b da 48 8b f9 8b 51 1c 39 51 18
0x00007ffac823d016:   73 0f 48 8b 41 08 44 8d 42 ff 4a 83 3c c0 00 74
0x00007ffac823d026:   07 ff c2 e8 b2 11 00 00 8b 57 18 4c 8b 47 08 49
0x00007ffac823d036:   83 3c d0 00 49 8d 0c d0 74 12 48 39 19 74 3b ff
0x00007ffac823d046:   c2 49 83 3c d0 00 49 8d 0c d0 75 ee 49 89 1c d0
0x00007ffac823d056:   48 85 db 74 25 48 83 7b 10 00 74 1e 8b 53 20 3b
0x00007ffac823d066:   53 24 75 08 48 8b cb e8 2e 21 00 00 8b 4b 20 48
0x00007ffac823d076:   8b 43 10 48 89 3c c8 ff 43 20 48 8b 5c 24 30 48
0x00007ffac823d086:   83 c4 20 5f c3 cc cc cc cc cc 48 89 5c 24 08 57
0x00007ffac823d096:   48 83 ec 20 48 8b da 48 8b f9 8b 51 1c 39 51 18
0x00007ffac823d0a6:   73 0f 48 8b 41 08 44 8d 42 ff 4a 83 3c c0 00 74 


Stack slot to memory mapping:
stack at sp + 0 slots: 0x0 is NULL
stack at sp + 1 slots: 0x00007ffac8204d0e jvm.dll
stack at sp + 2 slots: 0x0000005a6f2feb58 is pointing into the stack for thread: 0x0000015dd3943800
stack at sp + 3 slots: 0x00007ffac823f25e jvm.dll
stack at sp + 4 slots: 0x0000015dd4601738 points into unknown readable memory: a8 bc 48 c8 fa 7f 00 00
stack at sp + 5 slots: 0x0000015dcc054ec8 points into unknown readable memory: 50 33 45 c8 fa 7f 00 00
stack at sp + 6 slots: 0x0000000000000004 is an unknown value
stack at sp + 7 slots: 0x00007ffac823ceb4 jvm.dll


---------------  P R O C E S S  ---------------

Threads class SMR info:
_java_thread_list=0x0000015dd3700d40, length=194, elements={
0x0000015dad62e800, 0x0000015dc98cc000, 0x0000015dc98cf800, 0x0000015dc98eb000,
0x0000015dc98ec000, 0x0000015dc98ed000, 0x0000015dc98f9800, 0x0000015dc9902000,
0x0000015dca3ca000, 0x0000015dca3cb800, 0x0000015dcafcd000, 0x0000015dcc032800,
0x0000015dcc4fb800, 0x0000015dcc540000, 0x0000015dcc541800, 0x0000015dcc53e800,
0x0000015dcc543800, 0x0000015dcc69d800, 0x0000015dcf729000, 0x0000015dcf733000,
0x0000015dcc436000, 0x0000015dcc435800, 0x0000015dcc433000, 0x0000015dcc43f000,
0x0000015dd32e9800, 0x0000015dd32e6000, 0x0000015dd32e7000, 0x0000015dd32e7800,
0x0000015dd32eb000, 0x0000015dd32fa800, 0x0000015dd32fc000, 0x0000015dd32f7000,
0x0000015dd32fd800, 0x0000015dd32fd000, 0x0000015dd32f8000, 0x0000015dd3301000,
0x0000015dd3303800, 0x0000015dd3300000, 0x0000015dd3304000, 0x0000015dd32fe800,
0x0000015dd32ff800, 0x0000015dd3302000, 0x0000015dd3302800, 0x0000015dcf727800,
0x0000015dcf725000, 0x0000015dcf728000, 0x0000015dcf72a000, 0x0000015dcf724000,
0x0000015dcf72a800, 0x0000015dcf726800, 0x0000015dcf72b800, 0x0000015dcf726000,
0x0000015dcf72c800, 0x0000015dcf72d000, 0x0000015dcf72e000, 0x0000015dcf72e800,
0x0000015dcf72f800, 0x0000015dcf730800, 0x0000015dcf731000, 0x0000015dcc433800,
0x0000015dcc432000, 0x0000015dcc434800, 0x0000015dcc437000, 0x0000015dcc431000,
0x0000015dcc43a000, 0x0000015dcc43b000, 0x0000015dcc438800, 0x0000015dcc439800,
0x0000015dcc43c000, 0x0000015dcc43c800, 0x0000015dcc43d800, 0x0000015dcc437800,
0x0000015dcc440000, 0x0000015dcc43e800, 0x0000015dcc69f800, 0x0000015dcc6a1800,
0x0000015dcc69e000, 0x0000015dcc69f000, 0x0000015dcc6a0800, 0x0000015dcc6a3000,
0x0000015dcc6a2000, 0x0000015dcc541000, 0x0000015dcc542800, 0x0000015dcc53d000,
0x0000015dcc53d800, 0x0000015dcc53f800, 0x0000015dcde56000, 0x0000015dcde5a000,
0x0000015dcde5c800, 0x0000015dcde58800, 0x0000015dcde57800, 0x0000015dcde5b800,
0x0000015dcde56800, 0x0000015dcde5d000, 0x0000015dcde5e000, 0x0000015dcde5f000,
0x0000015dcde59000, 0x0000015dcde5f800, 0x0000015dcde60800, 0x0000015dcde5a800,
0x0000015dcde63800, 0x0000015dcde63000, 0x0000015dcde61800, 0x0000015dcde64800,
0x0000015dcde62000, 0x0000015dcf97d000, 0x0000015dcf982800, 0x0000015dcf97e800,
0x0000015dcf983800, 0x0000015dcf980000, 0x0000015dcf97f000, 0x0000015dcf981000,
0x0000015dcf981800, 0x0000015dcf97d800, 0x0000015dcf98a000, 0x0000015dcf985000,
0x0000015dcf987800, 0x0000015dcf984000, 0x0000015dcf988000, 0x0000015dcf98a800,
0x0000015dcf98b800, 0x0000015dcf986000, 0x0000015dcf986800, 0x0000015dcf989000,
0x0000015dcfede800, 0x0000015dcfeda000, 0x0000015dcfedc000, 0x0000015dcfedd000,
0x0000015dcfede000, 0x0000015dcfedf800, 0x0000015dcfee0800, 0x0000015dcfeda800,
0x0000015dcfee1000, 0x0000015dcfedb800, 0x0000015dcfee7000, 0x0000015dcfee3000,
0x0000015dcfee2000, 0x0000015dcfee7800, 0x0000015dcfee3800, 0x0000015dcfee8800,
0x0000015dcfee4800, 0x0000015dcfee6000, 0x0000015dcfee5000, 0x0000015dcc4ae000,
0x0000015dcc4ab800, 0x0000015dcc4a9000, 0x0000015dcc4af800, 0x0000015dcc4a9800,
0x0000015dcc4b6000, 0x0000015dd32ed800, 0x0000015dd3941800, 0x0000015dd393c000,
0x0000015dd3944000, 0x0000015dd3947800, 0x0000015dd3946800, 0x0000015dd393d800,
0x0000015dd393f800, 0x0000015dd393d000, 0x0000015dd393b000, 0x0000015dd3942800,
0x0000015dd393e800, 0x0000015dd3945000, 0x0000015dd3946000, 0x0000015dd3940000,
0x0000015dd3941000, 0x0000015dd3949000, 0x0000015dd394a000, 0x0000015dd394b800,
0x0000015dd394d000, 0x0000015dd394a800, 0x0000015dd394e000, 0x0000015dd3948800,
0x0000015dd3953000, 0x0000015dd3950800, 0x0000015dd3952000, 0x0000015dd3953800,
0x0000015dd3954800, 0x0000015dd3951000, 0x0000015dd394f000, 0x0000015dd3958800,
0x0000015dd395a000, 0x0000015dd3959800, 0x0000015dd3955800, 0x0000015dd3943800,
0x0000015dd394c800, 0x0000015dd3957000, 0x0000015dd3956000, 0x0000015dd3958000,
0x0000015dd32e5000, 0x0000015dd32ec800, 0x0000015dd32e8800, 0x0000015dd32eb800,
0x0000015dd32ee000, 0x0000015dd32ef000
}

Java Threads: ( => current thread )
  0x0000015dad62e800 JavaThread "main" [_thread_blocked, id=9948, stack(0x0000005a6d500000,0x0000005a6d600000)]
  0x0000015dc98cc000 JavaThread "Reference Handler" daemon [_thread_blocked, id=5676, stack(0x0000005a6dc00000,0x0000005a6dd00000)]
  0x0000015dc98cf800 JavaThread "Finalizer" daemon [_thread_blocked, id=6252, stack(0x0000005a6dd00000,0x0000005a6de00000)]
  0x0000015dc98eb000 JavaThread "Signal Dispatcher" daemon [_thread_blocked, id=15700, stack(0x0000005a6de00000,0x0000005a6df00000)]
  0x0000015dc98ec000 JavaThread "Attach Listener" daemon [_thread_blocked, id=6236, stack(0x0000005a6df00000,0x0000005a6e000000)]
  0x0000015dc98ed000 JavaThread "C2 CompilerThread0" daemon [_thread_in_native, id=5620, stack(0x0000005a6e000000,0x0000005a6e100000)]
  0x0000015dc98f9800 JavaThread "C1 CompilerThread0" daemon [_thread_blocked, id=6680, stack(0x0000005a6e100000,0x0000005a6e200000)]
  0x0000015dc9902000 JavaThread "Sweeper thread" daemon [_thread_blocked, id=1808, stack(0x0000005a6e200000,0x0000005a6e300000)]
  0x0000015dca3ca000 JavaThread "Common-Cleaner" daemon [_thread_blocked, id=8908, stack(0x0000005a6e300000,0x0000005a6e400000)]
  0x0000015dca3cb800 JavaThread "Service Thread" daemon [_thread_blocked, id=4540, stack(0x0000005a6e400000,0x0000005a6e500000)]
  0x0000015dcafcd000 JavaThread "Daemon health stats" [_thread_blocked, id=15588, stack(0x0000005a6ea00000,0x0000005a6eb00000)]
  0x0000015dcc032800 JavaThread "Incoming local TCP Connector on port 57966" [_thread_in_native, id=3964, stack(0x0000005a6ed00000,0x0000005a6ee00000)]
  0x0000015dcc4fb800 JavaThread "Daemon periodic checks" [_thread_blocked, id=11944, stack(0x0000005a6ee00000,0x0000005a6ef00000)]
  0x0000015dcc540000 JavaThread "Cache worker for file hash cache (C:\Users\Owl\.gradle\caches\6.7.1\fileHashes)" [_thread_blocked, id=6576, stack(0x0000005a6fb00000,0x0000005a6fc00000)]
  0x0000015dcc541800 JavaThread "File lock request listener" [_thread_in_native, id=14180, stack(0x0000005a6fc00000,0x0000005a6fd00000)]
  0x0000015dcc53e800 JavaThread "Cache worker for journal cache (C:\Users\Owl\.gradle\caches\journal-1)" [_thread_blocked, id=12508, stack(0x0000005a6fe00000,0x0000005a6ff00000)]
  0x0000015dcc543800 JavaThread "Cache worker for execution history cache (C:\Users\Owl\.gradle\caches\6.7.1\executionHistory)" [_thread_blocked, id=1736, stack(0x0000005a70300000,0x0000005a70400000)]
  0x0000015dcc69d800 JavaThread "Cache worker for file content cache (C:\Users\Owl\.gradle\caches\6.7.1\fileContent)" [_thread_blocked, id=4384, stack(0x0000005a70400000,0x0000005a70500000)]
  0x0000015dcf729000 JavaThread "Memory manager" [_thread_blocked, id=8120, stack(0x0000005a78500000,0x0000005a78600000)]
  0x0000015dcf733000 JavaThread "RMI Scheduler(0)" daemon [_thread_blocked, id=15980, stack(0x0000005a6e600000,0x0000005a6e700000)]
  0x0000015dcc436000 JavaThread "RMI GC Daemon" daemon [_thread_blocked, id=6708, stack(0x0000005a79000000,0x0000005a79100000)]
  0x0000015dcc435800 JavaThread "RMI TCP Accept-0" daemon [_thread_in_native, id=10868, stack(0x0000005a79100000,0x0000005a79200000)]
  0x0000015dcc433000 JavaThread "RMI Reaper" [_thread_blocked, id=12732, stack(0x0000005a79200000,0x0000005a79300000)]
  0x0000015dcc43f000 JavaThread "ForkJoinPool.commonPool-worker-5" daemon [_thread_blocked, id=1120, stack(0x0000005a7a000000,0x0000005a7a100000)]
  0x0000015dd32e9800 JavaThread "ForkJoinPool.commonPool-worker-7" daemon [_thread_blocked, id=13156, stack(0x0000005a7a200000,0x0000005a7a300000)]
  0x0000015dd32e6000 JavaThread "RMI TCP Connection(idle)" daemon [_thread_blocked, id=13124, stack(0x0000005a6d200000,0x0000005a6d300000)]
  0x0000015dd32e7000 JavaThread "RMI TCP Connection(11)-127.0.0.1" daemon [_thread_in_native, id=2104, stack(0x0000005a6d300000,0x0000005a6d400000)]
  0x0000015dd32e7800 JavaThread "Daemon Thread 2" [_thread_blocked, id=5972, stack(0x0000005a6d400000,0x0000005a6d500000)]
  0x0000015dd32eb000 JavaThread "Daemon worker Thread 2" [_thread_blocked, id=1568, stack(0x0000005a6ec00000,0x0000005a6ed00000)]
  0x0000015dd32fa800 JavaThread "jar transforms Thread 120" [_thread_blocked, id=7232, stack(0x0000005a70c00000,0x0000005a70d00000)]
  0x0000015dd32fc000 JavaThread "jar transforms Thread 121" [_thread_blocked, id=388, stack(0x0000005a70d00000,0x0000005a70e00000)]
  0x0000015dd32f7000 JavaThread "jar transforms Thread 122" [_thread_blocked, id=1196, stack(0x0000005a70e00000,0x0000005a70f00000)]
  0x0000015dd32fd800 JavaThread "jar transforms Thread 123" [_thread_blocked, id=12776, stack(0x0000005a70f00000,0x0000005a71000000)]
  0x0000015dd32fd000 JavaThread "jar transforms Thread 124" [_thread_blocked, id=16132, stack(0x0000005a71000000,0x0000005a71100000)]
  0x0000015dd32f8000 JavaThread "jar transforms Thread 125" [_thread_blocked, id=8776, stack(0x0000005a71100000,0x0000005a71200000)]
  0x0000015dd3301000 JavaThread "jar transforms Thread 126" [_thread_blocked, id=2080, stack(0x0000005a71200000,0x0000005a71300000)]
  0x0000015dd3303800 JavaThread "jar transforms Thread 127" [_thread_blocked, id=7996, stack(0x0000005a71300000,0x0000005a71400000)]
  0x0000015dd3300000 JavaThread "jar transforms Thread 128" [_thread_blocked, id=13304, stack(0x0000005a71400000,0x0000005a71500000)]
  0x0000015dd3304000 JavaThread "jar transforms Thread 129" [_thread_blocked, id=13416, stack(0x0000005a71500000,0x0000005a71600000)]
  0x0000015dd32fe800 JavaThread "jar transforms Thread 130" [_thread_blocked, id=4904, stack(0x0000005a71600000,0x0000005a71700000)]
  0x0000015dd32ff800 JavaThread "jar transforms Thread 131" [_thread_blocked, id=17088, stack(0x0000005a71700000,0x0000005a71800000)]
  0x0000015dd3302000 JavaThread "jar transforms Thread 132" [_thread_blocked, id=11344, stack(0x0000005a71800000,0x0000005a71900000)]
  0x0000015dd3302800 JavaThread "jar transforms Thread 133" [_thread_blocked, id=8740, stack(0x0000005a71900000,0x0000005a71a00000)]
  0x0000015dcf727800 JavaThread "jar transforms Thread 134" [_thread_blocked, id=8932, stack(0x0000005a71a00000,0x0000005a71b00000)]
  0x0000015dcf725000 JavaThread "jar transforms Thread 135" [_thread_blocked, id=1600, stack(0x0000005a71b00000,0x0000005a71c00000)]
  0x0000015dcf728000 JavaThread "jar transforms Thread 136" [_thread_blocked, id=15992, stack(0x0000005a71c00000,0x0000005a71d00000)]
  0x0000015dcf72a000 JavaThread "jar transforms Thread 137" [_thread_blocked, id=11036, stack(0x0000005a71d00000,0x0000005a71e00000)]
  0x0000015dcf724000 JavaThread "jar transforms Thread 138" [_thread_blocked, id=5516, stack(0x0000005a71e00000,0x0000005a71f00000)]
  0x0000015dcf72a800 JavaThread "jar transforms Thread 139" [_thread_blocked, id=13584, stack(0x0000005a71f00000,0x0000005a72000000)]
  0x0000015dcf726800 JavaThread "jar transforms Thread 140" [_thread_blocked, id=16092, stack(0x0000005a72000000,0x0000005a72100000)]
  0x0000015dcf72b800 JavaThread "jar transforms Thread 141" [_thread_blocked, id=8156, stack(0x0000005a72100000,0x0000005a72200000)]
  0x0000015dcf726000 JavaThread "jar transforms Thread 142" [_thread_blocked, id=9176, stack(0x0000005a72200000,0x0000005a72300000)]
  0x0000015dcf72c800 JavaThread "jar transforms Thread 143" [_thread_blocked, id=9904, stack(0x0000005a72300000,0x0000005a72400000)]
  0x0000015dcf72d000 JavaThread "jar transforms Thread 144" [_thread_blocked, id=12952, stack(0x0000005a72400000,0x0000005a72500000)]
  0x0000015dcf72e000 JavaThread "jar transforms Thread 145" [_thread_blocked, id=16284, stack(0x0000005a72500000,0x0000005a72600000)]
  0x0000015dcf72e800 JavaThread "jar transforms Thread 146" [_thread_blocked, id=4680, stack(0x0000005a72600000,0x0000005a72700000)]
  0x0000015dcf72f800 JavaThread "jar transforms Thread 147" [_thread_blocked, id=15968, stack(0x0000005a72700000,0x0000005a72800000)]
  0x0000015dcf730800 JavaThread "jar transforms Thread 148" [_thread_blocked, id=12704, stack(0x0000005a72800000,0x0000005a72900000)]
  0x0000015dcf731000 JavaThread "jar transforms Thread 149" [_thread_blocked, id=16456, stack(0x0000005a72900000,0x0000005a72a00000)]
  0x0000015dcc433800 JavaThread "jar transforms Thread 150" [_thread_blocked, id=16324, stack(0x0000005a72a00000,0x0000005a72b00000)]
  0x0000015dcc432000 JavaThread "jar transforms Thread 151" [_thread_blocked, id=9480, stack(0x0000005a72b00000,0x0000005a72c00000)]
  0x0000015dcc434800 JavaThread "jar transforms Thread 152" [_thread_blocked, id=10852, stack(0x0000005a72c00000,0x0000005a72d00000)]
  0x0000015dcc437000 JavaThread "jar transforms Thread 153" [_thread_blocked, id=14844, stack(0x0000005a72d00000,0x0000005a72e00000)]
  0x0000015dcc431000 JavaThread "jar transforms Thread 154" [_thread_blocked, id=4212, stack(0x0000005a72e00000,0x0000005a72f00000)]
  0x0000015dcc43a000 JavaThread "jar transforms Thread 155" [_thread_blocked, id=8892, stack(0x0000005a72f00000,0x0000005a73000000)]
  0x0000015dcc43b000 JavaThread "jar transforms Thread 156" [_thread_blocked, id=792, stack(0x0000005a73000000,0x0000005a73100000)]
  0x0000015dcc438800 JavaThread "jar transforms Thread 157" [_thread_blocked, id=1152, stack(0x0000005a73100000,0x0000005a73200000)]
  0x0000015dcc439800 JavaThread "jar transforms Thread 158" [_thread_blocked, id=3456, stack(0x0000005a73200000,0x0000005a73300000)]
  0x0000015dcc43c000 JavaThread "jar transforms Thread 159" [_thread_blocked, id=8800, stack(0x0000005a73300000,0x0000005a73400000)]
  0x0000015dcc43c800 JavaThread "jar transforms Thread 160" [_thread_blocked, id=8072, stack(0x0000005a73400000,0x0000005a73500000)]
  0x0000015dcc43d800 JavaThread "jar transforms Thread 161" [_thread_blocked, id=9528, stack(0x0000005a73500000,0x0000005a73600000)]
  0x0000015dcc437800 JavaThread "jar transforms Thread 162" [_thread_blocked, id=3652, stack(0x0000005a73600000,0x0000005a73700000)]
  0x0000015dcc440000 JavaThread "jar transforms Thread 163" [_thread_blocked, id=13460, stack(0x0000005a73700000,0x0000005a73800000)]
  0x0000015dcc43e800 JavaThread "jar transforms Thread 164" [_thread_blocked, id=1184, stack(0x0000005a73800000,0x0000005a73900000)]
  0x0000015dcc69f800 JavaThread "jar transforms Thread 165" [_thread_blocked, id=11976, stack(0x0000005a73900000,0x0000005a73a00000)]
  0x0000015dcc6a1800 JavaThread "jar transforms Thread 166" [_thread_blocked, id=8996, stack(0x0000005a73a00000,0x0000005a73b00000)]
  0x0000015dcc69e000 JavaThread "jar transforms Thread 167" [_thread_blocked, id=13804, stack(0x0000005a73b00000,0x0000005a73c00000)]
  0x0000015dcc69f000 JavaThread "jar transforms Thread 168" [_thread_blocked, id=11892, stack(0x0000005a73c00000,0x0000005a73d00000)]
  0x0000015dcc6a0800 JavaThread "jar transforms Thread 169" [_thread_blocked, id=9956, stack(0x0000005a73d00000,0x0000005a73e00000)]
  0x0000015dcc6a3000 JavaThread "jar transforms Thread 170" [_thread_blocked, id=11064, stack(0x0000005a73e00000,0x0000005a73f00000)]
  0x0000015dcc6a2000 JavaThread "jar transforms Thread 171" [_thread_blocked, id=8816, stack(0x0000005a73f00000,0x0000005a74000000)]
  0x0000015dcc541000 JavaThread "jar transforms Thread 172" [_thread_blocked, id=14064, stack(0x0000005a74000000,0x0000005a74100000)]
  0x0000015dcc542800 JavaThread "jar transforms Thread 173" [_thread_blocked, id=14904, stack(0x0000005a74100000,0x0000005a74200000)]
  0x0000015dcc53d000 JavaThread "jar transforms Thread 174" [_thread_blocked, id=12868, stack(0x0000005a74200000,0x0000005a74300000)]
  0x0000015dcc53d800 JavaThread "jar transforms Thread 175" [_thread_blocked, id=16764, stack(0x0000005a74300000,0x0000005a74400000)]
  0x0000015dcc53f800 JavaThread "jar transforms Thread 176" [_thread_blocked, id=7736, stack(0x0000005a74400000,0x0000005a74500000)]
  0x0000015dcde56000 JavaThread "jar transforms Thread 177" [_thread_blocked, id=12008, stack(0x0000005a74500000,0x0000005a74600000)]
  0x0000015dcde5a000 JavaThread "jar transforms Thread 178" [_thread_blocked, id=17248, stack(0x0000005a74600000,0x0000005a74700000)]
  0x0000015dcde5c800 JavaThread "jar transforms Thread 179" [_thread_blocked, id=17252, stack(0x0000005a74700000,0x0000005a74800000)]
  0x0000015dcde58800 JavaThread "jar transforms Thread 180" [_thread_blocked, id=8912, stack(0x0000005a74800000,0x0000005a74900000)]
  0x0000015dcde57800 JavaThread "jar transforms Thread 181" [_thread_blocked, id=1704, stack(0x0000005a74900000,0x0000005a74a00000)]
  0x0000015dcde5b800 JavaThread "jar transforms Thread 182" [_thread_blocked, id=11572, stack(0x0000005a74a00000,0x0000005a74b00000)]
  0x0000015dcde56800 JavaThread "jar transforms Thread 183" [_thread_blocked, id=8880, stack(0x0000005a74b00000,0x0000005a74c00000)]
  0x0000015dcde5d000 JavaThread "jar transforms Thread 184" [_thread_blocked, id=13868, stack(0x0000005a74c00000,0x0000005a74d00000)]
  0x0000015dcde5e000 JavaThread "jar transforms Thread 185" [_thread_blocked, id=8092, stack(0x0000005a74d00000,0x0000005a74e00000)]
  0x0000015dcde5f000 JavaThread "jar transforms Thread 186" [_thread_blocked, id=16552, stack(0x0000005a74e00000,0x0000005a74f00000)]
  0x0000015dcde59000 JavaThread "jar transforms Thread 187" [_thread_blocked, id=7048, stack(0x0000005a74f00000,0x0000005a75000000)]
  0x0000015dcde5f800 JavaThread "jar transforms Thread 188" [_thread_blocked, id=10052, stack(0x0000005a75000000,0x0000005a75100000)]
  0x0000015dcde60800 JavaThread "jar transforms Thread 189" [_thread_blocked, id=15856, stack(0x0000005a75100000,0x0000005a75200000)]
  0x0000015dcde5a800 JavaThread "jar transforms Thread 190" [_thread_blocked, id=11276, stack(0x0000005a75200000,0x0000005a75300000)]
  0x0000015dcde63800 JavaThread "jar transforms Thread 191" [_thread_blocked, id=14660, stack(0x0000005a75300000,0x0000005a75400000)]
  0x0000015dcde63000 JavaThread "jar transforms Thread 192" [_thread_blocked, id=14040, stack(0x0000005a75400000,0x0000005a75500000)]
  0x0000015dcde61800 JavaThread "jar transforms Thread 193" [_thread_blocked, id=13616, stack(0x0000005a75500000,0x0000005a75600000)]
  0x0000015dcde64800 JavaThread "jar transforms Thread 194" [_thread_blocked, id=14172, stack(0x0000005a75600000,0x0000005a75700000)]
  0x0000015dcde62000 JavaThread "jar transforms Thread 195" [_thread_blocked, id=5684, stack(0x0000005a75700000,0x0000005a75800000)]
  0x0000015dcf97d000 JavaThread "jar transforms Thread 196" [_thread_blocked, id=6304, stack(0x0000005a75800000,0x0000005a75900000)]
  0x0000015dcf982800 JavaThread "jar transforms Thread 197" [_thread_blocked, id=2084, stack(0x0000005a75900000,0x0000005a75a00000)]
  0x0000015dcf97e800 JavaThread "jar transforms Thread 198" [_thread_blocked, id=8084, stack(0x0000005a75a00000,0x0000005a75b00000)]
  0x0000015dcf983800 JavaThread "jar transforms Thread 199" [_thread_blocked, id=2736, stack(0x0000005a75b00000,0x0000005a75c00000)]
  0x0000015dcf980000 JavaThread "jar transforms Thread 200" [_thread_blocked, id=13064, stack(0x0000005a75c00000,0x0000005a75d00000)]
  0x0000015dcf97f000 JavaThread "jar transforms Thread 201" [_thread_blocked, id=12280, stack(0x0000005a75d00000,0x0000005a75e00000)]
  0x0000015dcf981000 JavaThread "jar transforms Thread 202" [_thread_blocked, id=16640, stack(0x0000005a75e00000,0x0000005a75f00000)]
  0x0000015dcf981800 JavaThread "jar transforms Thread 203" [_thread_blocked, id=15136, stack(0x0000005a75f00000,0x0000005a76000000)]
  0x0000015dcf97d800 JavaThread "jar transforms Thread 204" [_thread_blocked, id=11268, stack(0x0000005a76000000,0x0000005a76100000)]
  0x0000015dcf98a000 JavaThread "jar transforms Thread 205" [_thread_blocked, id=15188, stack(0x0000005a76100000,0x0000005a76200000)]
  0x0000015dcf985000 JavaThread "jar transforms Thread 206" [_thread_blocked, id=14340, stack(0x0000005a76200000,0x0000005a76300000)]
  0x0000015dcf987800 JavaThread "jar transforms Thread 207" [_thread_blocked, id=6724, stack(0x0000005a76300000,0x0000005a76400000)]
  0x0000015dcf984000 JavaThread "jar transforms Thread 208" [_thread_blocked, id=1356, stack(0x0000005a76400000,0x0000005a76500000)]
  0x0000015dcf988000 JavaThread "jar transforms Thread 209" [_thread_blocked, id=13508, stack(0x0000005a76500000,0x0000005a76600000)]
  0x0000015dcf98a800 JavaThread "jar transforms Thread 210" [_thread_blocked, id=13548, stack(0x0000005a76600000,0x0000005a76700000)]
  0x0000015dcf98b800 JavaThread "jar transforms Thread 211" [_thread_blocked, id=15716, stack(0x0000005a76700000,0x0000005a76800000)]
  0x0000015dcf986000 JavaThread "jar transforms Thread 212" [_thread_blocked, id=16448, stack(0x0000005a76800000,0x0000005a76900000)]
  0x0000015dcf986800 JavaThread "jar transforms Thread 213" [_thread_blocked, id=12968, stack(0x0000005a76900000,0x0000005a76a00000)]
  0x0000015dcf989000 JavaThread "jar transforms Thread 214" [_thread_blocked, id=3836, stack(0x0000005a76a00000,0x0000005a76b00000)]
  0x0000015dcfede800 JavaThread "jar transforms Thread 215" [_thread_blocked, id=1388, stack(0x0000005a76b00000,0x0000005a76c00000)]
  0x0000015dcfeda000 JavaThread "jar transforms Thread 216" [_thread_blocked, id=12552, stack(0x0000005a76c00000,0x0000005a76d00000)]
  0x0000015dcfedc000 JavaThread "jar transforms Thread 217" [_thread_blocked, id=10244, stack(0x0000005a76d00000,0x0000005a76e00000)]
  0x0000015dcfedd000 JavaThread "jar transforms Thread 218" [_thread_blocked, id=5480, stack(0x0000005a76e00000,0x0000005a76f00000)]
  0x0000015dcfede000 JavaThread "jar transforms Thread 219" [_thread_blocked, id=3840, stack(0x0000005a76f00000,0x0000005a77000000)]
  0x0000015dcfedf800 JavaThread "jar transforms Thread 220" [_thread_blocked, id=5860, stack(0x0000005a77000000,0x0000005a77100000)]
  0x0000015dcfee0800 JavaThread "jar transforms Thread 221" [_thread_blocked, id=15160, stack(0x0000005a77100000,0x0000005a77200000)]
  0x0000015dcfeda800 JavaThread "jar transforms Thread 222" [_thread_blocked, id=1412, stack(0x0000005a77200000,0x0000005a77300000)]
  0x0000015dcfee1000 JavaThread "jar transforms Thread 223" [_thread_blocked, id=9732, stack(0x0000005a77300000,0x0000005a77400000)]
  0x0000015dcfedb800 JavaThread "jar transforms Thread 224" [_thread_blocked, id=17380, stack(0x0000005a77400000,0x0000005a77500000)]
  0x0000015dcfee7000 JavaThread "jar transforms Thread 225" [_thread_blocked, id=3732, stack(0x0000005a77500000,0x0000005a77600000)]
  0x0000015dcfee3000 JavaThread "jar transforms Thread 226" [_thread_blocked, id=10780, stack(0x0000005a77600000,0x0000005a77700000)]
  0x0000015dcfee2000 JavaThread "jar transforms Thread 227" [_thread_blocked, id=7756, stack(0x0000005a77700000,0x0000005a77800000)]
  0x0000015dcfee7800 JavaThread "jar transforms Thread 228" [_thread_blocked, id=15640, stack(0x0000005a77800000,0x0000005a77900000)]
  0x0000015dcfee3800 JavaThread "jar transforms Thread 229" [_thread_blocked, id=3972, stack(0x0000005a77900000,0x0000005a77a00000)]
  0x0000015dcfee8800 JavaThread "jar transforms Thread 230" [_thread_blocked, id=12792, stack(0x0000005a77a00000,0x0000005a77b00000)]
  0x0000015dcfee4800 JavaThread "jar transforms Thread 231" [_thread_blocked, id=12672, stack(0x0000005a77b00000,0x0000005a77c00000)]
  0x0000015dcfee6000 JavaThread "jar transforms Thread 232" [_thread_blocked, id=8356, stack(0x0000005a77c00000,0x0000005a77d00000)]
  0x0000015dcfee5000 JavaThread "jar transforms Thread 233" [_thread_blocked, id=13784, stack(0x0000005a77d00000,0x0000005a77e00000)]
  0x0000015dcc4ae000 JavaThread "jar transforms Thread 234" [_thread_blocked, id=14692, stack(0x0000005a77e00000,0x0000005a77f00000)]
  0x0000015dcc4ab800 JavaThread "jar transforms Thread 235" [_thread_blocked, id=13360, stack(0x0000005a77f00000,0x0000005a78000000)]
  0x0000015dcc4a9000 JavaThread "jar transforms Thread 236" [_thread_blocked, id=6580, stack(0x0000005a78000000,0x0000005a78100000)]
  0x0000015dcc4af800 JavaThread "jar transforms Thread 237" [_thread_blocked, id=15296, stack(0x0000005a78100000,0x0000005a78200000)]
  0x0000015dcc4a9800 JavaThread "jar transforms Thread 238" [_thread_blocked, id=8324, stack(0x0000005a78200000,0x0000005a78300000)]
  0x0000015dcc4b6000 JavaThread "RMI TCP Connection(idle)" daemon [_thread_blocked, id=13532, stack(0x0000005a78f00000,0x0000005a79000000)]
  0x0000015dd32ed800 JavaThread "RMI TCP Connection(10)-127.0.0.1" daemon [_thread_in_native, id=9940, stack(0x0000005a79400000,0x0000005a79500000)]
  0x0000015dd3941800 JavaThread "ForkJoinPool.commonPool-worker-1" daemon [_thread_blocked, id=1240, stack(0x0000005a79c00000,0x0000005a79d00000)]
  0x0000015dd393c000 JavaThread "ForkJoinPool.commonPool-worker-9" daemon [_thread_blocked, id=5892, stack(0x0000005a79d00000,0x0000005a79e00000)]
  0x0000015dd3944000 JavaThread "ForkJoinPool.commonPool-worker-3" daemon [_thread_blocked, id=10144, stack(0x0000005a79e00000,0x0000005a79f00000)]
  0x0000015dd3947800 JavaThread "ForkJoinPool.commonPool-worker-11" daemon [_thread_blocked, id=628, stack(0x0000005a79f00000,0x0000005a7a000000)]
  0x0000015dd3946800 JavaThread "ForkJoinPool.commonPool-worker-13" daemon [_thread_blocked, id=17208, stack(0x0000005a7a100000,0x0000005a7a200000)]
  0x0000015dd393d800 JavaThread "Handler for socket connection from /127.0.0.1:57966 to /127.0.0.1:53610" [_thread_in_native, id=9536, stack(0x0000005a6e700000,0x0000005a6e800000)]
  0x0000015dd393f800 JavaThread "Cancel handler" [_thread_blocked, id=13080, stack(0x0000005a6eb00000,0x0000005a6ec00000)]
  0x0000015dd393d000 JavaThread "Asynchronous log dispatcher for DefaultDaemonConnection: socket connection from /127.0.0.1:57966 to /127.0.0.1:53610" [_thread_blocked, id=1248, stack(0x0000005a6ef00000,0x0000005a6f000000)]
  0x0000015dd393b000 JavaThread "Stdin handler" [_thread_blocked, id=15764, stack(0x0000005a6f000000,0x0000005a6f100000)]
  0x0000015dd3942800 JavaThread "Thread-327" [_thread_blocked, id=14396, stack(0x0000005a6f100000,0x0000005a6f200000)]
  0x0000015dd393e800 JavaThread "Cache worker for file hash cache (C:\Maxim\Projects\vote-note\.gradle\6.7.1\fileHashes)" [_thread_blocked, id=11108, stack(0x0000005a6f300000,0x0000005a6f400000)]
  0x0000015dd3945000 JavaThread "Cache worker for checksums cache (C:\Maxim\Projects\vote-note\.gradle\checksums)" [_thread_blocked, id=12676, stack(0x0000005a6f400000,0x0000005a6f500000)]
  0x0000015dd3946000 JavaThread "Cache worker for cache directory md-supplier (C:\Users\Owl\.gradle\caches\6.7.1\md-supplier)" [_thread_blocked, id=1344, stack(0x0000005a6f500000,0x0000005a6f600000)]
  0x0000015dd3940000 JavaThread "Cache worker for cache directory md-rule (C:\Users\Owl\.gradle\caches\6.7.1\md-rule)" [_thread_blocked, id=11552, stack(0x0000005a6ff00000,0x0000005a70000000)]
  0x0000015dd3941000 JavaThread "Cache worker for Build Output Cleanup Cache (C:\Maxim\Projects\vote-note\.gradle\buildOutputCleanup)" [_thread_blocked, id=15624, stack(0x0000005a70000000,0x0000005a70100000)]
  0x0000015dd3949000 JavaThread "Build operations" [_thread_blocked, id=9616, stack(0x0000005a70200000,0x0000005a70300000)]
  0x0000015dd394a000 JavaThread "Build operations Thread 2" [_thread_blocked, id=9468, stack(0x0000005a70500000,0x0000005a70600000)]
  0x0000015dd394b800 JavaThread "Build operations Thread 3" [_thread_blocked, id=13456, stack(0x0000005a70600000,0x0000005a70700000)]
  0x0000015dd394d000 JavaThread "Build operations Thread 4" [_thread_blocked, id=14292, stack(0x0000005a70700000,0x0000005a70800000)]
  0x0000015dd394a800 JavaThread "Build operations Thread 5" [_thread_blocked, id=7612, stack(0x0000005a70800000,0x0000005a70900000)]
  0x0000015dd394e000 JavaThread "Build operations Thread 6" [_thread_blocked, id=7936, stack(0x0000005a70900000,0x0000005a70a00000)]
  0x0000015dd3948800 JavaThread "Build operations Thread 7" [_thread_blocked, id=13368, stack(0x0000005a70a00000,0x0000005a70b00000)]
  0x0000015dd3953000 JavaThread "Build operations Thread 8" [_thread_blocked, id=5896, stack(0x0000005a70b00000,0x0000005a70c00000)]
  0x0000015dd3950800 JavaThread "build event listener" [_thread_blocked, id=3236, stack(0x0000005a78300000,0x0000005a78400000)]
  0x0000015dd3952000 JavaThread "build event listener" [_thread_blocked, id=10340, stack(0x0000005a78400000,0x0000005a78500000)]
  0x0000015dd3953800 JavaThread "Execution worker for ':'" [_thread_blocked, id=13780, stack(0x0000005a78600000,0x0000005a78700000)]
  0x0000015dd3954800 JavaThread "Execution worker for ':' Thread 2" [_thread_blocked, id=9900, stack(0x0000005a78700000,0x0000005a78800000)]
  0x0000015dd3951000 JavaThread "Execution worker for ':' Thread 3" [_thread_blocked, id=10544, stack(0x0000005a78800000,0x0000005a78900000)]
  0x0000015dd394f000 JavaThread "Execution worker for ':' Thread 4" [_thread_blocked, id=580, stack(0x0000005a78900000,0x0000005a78a00000)]
  0x0000015dd3958800 JavaThread "Execution worker for ':' Thread 5" [_thread_blocked, id=11112, stack(0x0000005a78a00000,0x0000005a78b00000)]
  0x0000015dd395a000 JavaThread "Execution worker for ':' Thread 6" [_thread_blocked, id=12692, stack(0x0000005a78b00000,0x0000005a78c00000)]
  0x0000015dd3959800 JavaThread "Execution worker for ':' Thread 7" [_thread_blocked, id=10380, stack(0x0000005a78c00000,0x0000005a78d00000)]
  0x0000015dd3955800 JavaThread "Cache worker for execution history cache (C:\Maxim\Projects\vote-note\.gradle\6.7.1\executionHistory)" [_thread_blocked, id=7584, stack(0x0000005a78d00000,0x0000005a78e00000)]
=>0x0000015dd3943800 JavaThread "C2 CompilerThread1" daemon [_thread_in_native, id=3872, stack(0x0000005a6f200000,0x0000005a6f300000)]
  0x0000015dd394c800 JavaThread "C2 CompilerThread2" daemon [_thread_in_native, id=7012, stack(0x0000005a70100000,0x0000005a70200000)]
  0x0000015dd3957000 JavaThread "WorkerExecutor Queue" [_thread_blocked, id=4768, stack(0x0000005a78e00000,0x0000005a78f00000)]
  0x0000015dd3956000 JavaThread "WorkerExecutor Queue Thread 2" [_thread_in_Java, id=8988, stack(0x0000005a79300000,0x0000005a79400000)]
  0x0000015dd3958000 JavaThread "WorkerExecutor Queue Thread 3" [_thread_blocked, id=16864, stack(0x0000005a79500000,0x0000005a79600000)]
  0x0000015dd32e5000 JavaThread "WorkerExecutor Queue Thread 4" [_thread_blocked, id=15132, stack(0x0000005a79600000,0x0000005a79700000)]
  0x0000015dd32ec800 JavaThread "WorkerExecutor Queue Thread 5" [_thread_blocked, id=10424, stack(0x0000005a79700000,0x0000005a79800000)]
  0x0000015dd32e8800 JavaThread "WorkerExecutor Queue Thread 6" [_thread_blocked, id=13260, stack(0x0000005a79800000,0x0000005a79900000)]
  0x0000015dd32eb800 JavaThread "WorkerExecutor Queue Thread 7" [_thread_blocked, id=7956, stack(0x0000005a79900000,0x0000005a79a00000)]
  0x0000015dd32ee000 JavaThread "WorkerExecutor Queue Thread 8" [_thread_blocked, id=8460, stack(0x0000005a79a00000,0x0000005a79b00000)]
  0x0000015dd32ef000 JavaThread "WorkerExecutor Queue Thread 9" [_thread_blocked, id=3448, stack(0x0000005a79b00000,0x0000005a79c00000)]

Other Threads:
  0x0000015dc98ca000 VMThread "VM Thread" [stack: 0x0000005a6db00000,0x0000005a6dc00000] [id=12904]
  0x0000015dca3d5800 WatcherThread [stack: 0x0000005a6e500000,0x0000005a6e600000] [id=9400]
  0x0000015dad641000 GCTaskThread "GC Thread#0" [stack: 0x0000005a6d600000,0x0000005a6d700000] [id=14680]
  0x0000015dca833000 GCTaskThread "GC Thread#1" [stack: 0x0000005a6e800000,0x0000005a6e900000] [id=14964]
  0x0000015dcafde800 GCTaskThread "GC Thread#2" [stack: 0x0000005a6e900000,0x0000005a6ea00000] [id=6076]
  0x0000015dcb002800 GCTaskThread "GC Thread#3" [stack: 0x0000005a6f600000,0x0000005a6f700000] [id=12332]
  0x0000015dccaf1000 GCTaskThread "GC Thread#4" [stack: 0x0000005a6f700000,0x0000005a6f800000] [id=11928]
  0x0000015dcb0b9800 GCTaskThread "GC Thread#5" [stack: 0x0000005a6f800000,0x0000005a6f900000] [id=8664]
  0x0000015dcbb80800 GCTaskThread "GC Thread#6" [stack: 0x0000005a6f900000,0x0000005a6fa00000] [id=6776]
  0x0000015dcbaa0000 GCTaskThread "GC Thread#7" [stack: 0x0000005a6fa00000,0x0000005a6fb00000] [id=17372]
  0x0000015dad673000 ConcurrentGCThread "G1 Main Marker" [stack: 0x0000005a6d700000,0x0000005a6d800000] [id=1624]
  0x0000015dad674800 ConcurrentGCThread "G1 Conc#0" [stack: 0x0000005a6d800000,0x0000005a6d900000] [id=17096]
  0x0000015dcc30b800 ConcurrentGCThread "G1 Conc#1" [stack: 0x0000005a6fd00000,0x0000005a6fe00000] [id=17228]
  0x0000015dc9720800 ConcurrentGCThread "G1 Refine#0" [stack: 0x0000005a6d900000,0x0000005a6da00000] [id=3440]
  0x0000015dc9721800 ConcurrentGCThread "G1 Young RemSet Sampling" [stack: 0x0000005a6da00000,0x0000005a6db00000] [id=12096]

Threads with active compile tasks:
C2 CompilerThread0 418000 16062       4       org.gradle.internal.component.model.ComponentAttributeMatcher::match (259 bytes)
C1 CompilerThread0 418000 16225       3       com.android.tools.r8.ir.regalloc.a::d (177 bytes)
C2 CompilerThread1 418000 16161       4       sun.nio.fs.WindowsPath::subpath (155 bytes)
C2 CompilerThread2 418000 16114       4       org.gradle.internal.Try$Success::tryMap (13 bytes)

VM state:not at safepoint (normal execution)

VM Mutex/Monitor currently owned by a thread: None

Heap address: 0x0000000080000000, size: 2048 MB, Compressed Oops mode: 32-bit
Narrow klass base: 0x0000000000000000, Narrow klass shift: 3
Compressed class space size: 1073741824 Address: 0x0000000100000000

Heap:
 garbage-first heap   total 187392K, used 112596K [0x0000000080000000, 0x0000000100000000)
  region size 1024K, 18 young (18432K), 2 survivors (2048K)
 Metaspace       used 107963K, capacity 111034K, committed 111872K, reserved 1146880K
  class space    used 13837K, capacity 14940K, committed 15360K, reserved 1048576K
Heap Regions: E=young(eden), S=young(survivor), O=old, HS=humongous(starts), HC=humongous(continues), CS=collection set, F=free, A=archive, TAMS=top-at-mark-start (previous, next)
|   0|0x0000000080000000, 0x0000000080100000, 0x0000000080100000|100%| O|  |TAMS 0x0000000080100000, 0x0000000080000000| Updating 
|   1|0x0000000080100000, 0x0000000080200000, 0x0000000080200000|100%| O|  |TAMS 0x0000000080200000, 0x0000000080100000| Updating 
|   2|0x0000000080200000, 0x00000000802ffff8, 0x0000000080300000| 99%| O|  |TAMS 0x00000000802ffff8, 0x0000000080200000| Updating 
|   3|0x0000000080300000, 0x0000000080400000, 0x0000000080400000|100%|HS|  |TAMS 0x0000000080400000, 0x0000000080300000| Complete 
|   4|0x0000000080400000, 0x0000000080500000, 0x0000000080500000|100%|HC|  |TAMS 0x0000000080500000, 0x0000000080400000| Complete 
|   5|0x0000000080500000, 0x0000000080600000, 0x0000000080600000|100%|HC|  |TAMS 0x0000000080600000, 0x0000000080500000| Complete 
|   6|0x0000000080600000, 0x0000000080700000, 0x0000000080700000|100%| O|  |TAMS 0x0000000080700000, 0x0000000080600000| Updating 
|   7|0x0000000080700000, 0x0000000080800000, 0x0000000080800000|100%| O|  |TAMS 0x0000000080800000, 0x0000000080700000| Updating 
|   8|0x0000000080800000, 0x0000000080900000, 0x0000000080900000|100%| O|  |TAMS 0x0000000080900000, 0x0000000080800000| Updating 
|   9|0x0000000080900000, 0x0000000080a00000, 0x0000000080a00000|100%| O|  |TAMS 0x0000000080a00000, 0x0000000080900000| Updating 
|  10|0x0000000080a00000, 0x0000000080b00000, 0x0000000080b00000|100%| O|  |TAMS 0x0000000080b00000, 0x0000000080a00000| Updating 
|  11|0x0000000080b00000, 0x0000000080c00000, 0x0000000080c00000|100%| O|  |TAMS 0x0000000080c00000, 0x0000000080b00000| Updating 
|  12|0x0000000080c00000, 0x0000000080d00000, 0x0000000080d00000|100%| O|  |TAMS 0x0000000080d00000, 0x0000000080c00000| Updating 
|  13|0x0000000080d00000, 0x0000000080e00000, 0x0000000080e00000|100%| O|  |TAMS 0x0000000080e00000, 0x0000000080d00000| Updating 
|  14|0x0000000080e00000, 0x0000000080f00000, 0x0000000080f00000|100%| O|  |TAMS 0x0000000080f00000, 0x0000000080e00000| Updating 
|  15|0x0000000080f00000, 0x0000000081000000, 0x0000000081000000|100%| O|  |TAMS 0x0000000081000000, 0x0000000080f00000| Updating 
|  16|0x0000000081000000, 0x0000000081100000, 0x0000000081100000|100%| O|  |TAMS 0x0000000081100000, 0x0000000081000000| Updating 
|  17|0x0000000081100000, 0x0000000081200000, 0x0000000081200000|100%| O|  |TAMS 0x0000000081200000, 0x0000000081100000| Updating 
|  18|0x0000000081200000, 0x0000000081300000, 0x0000000081300000|100%| O|  |TAMS 0x0000000081300000, 0x0000000081200000| Updating 
|  19|0x0000000081300000, 0x0000000081400000, 0x0000000081400000|100%|HS|  |TAMS 0x0000000081400000, 0x0000000081300000| Complete 
|  20|0x0000000081400000, 0x0000000081500000, 0x0000000081500000|100%| O|  |TAMS 0x0000000081500000, 0x0000000081400000| Updating 
|  21|0x0000000081500000, 0x0000000081600000, 0x0000000081600000|100%| O|  |TAMS 0x0000000081600000, 0x0000000081500000| Updating 
|  22|0x0000000081600000, 0x0000000081700000, 0x0000000081700000|100%|HS|  |TAMS 0x0000000081700000, 0x0000000081600000| Complete 
|  23|0x0000000081700000, 0x0000000081800000, 0x0000000081800000|100%|HS|  |TAMS 0x0000000081800000, 0x0000000081700000| Complete 
|  24|0x0000000081800000, 0x0000000081900000, 0x0000000081900000|100%|HC|  |TAMS 0x0000000081900000, 0x0000000081800000| Complete 
|  25|0x0000000081900000, 0x0000000081a00000, 0x0000000081a00000|100%|HC|  |TAMS 0x0000000081a00000, 0x0000000081900000| Complete 
|  26|0x0000000081a00000, 0x0000000081b00000, 0x0000000081b00000|100%|HS|  |TAMS 0x0000000081b00000, 0x0000000081a00000| Complete 
|  27|0x0000000081b00000, 0x0000000081c00000, 0x0000000081c00000|100%|HC|  |TAMS 0x0000000081c00000, 0x0000000081b00000| Complete 
|  28|0x0000000081c00000, 0x0000000081d00000, 0x0000000081d00000|100%| O|  |TAMS 0x0000000081d00000, 0x0000000081c00000| Updating 
|  29|0x0000000081d00000, 0x0000000081e00000, 0x0000000081e00000|100%| O|  |TAMS 0x0000000081e00000, 0x0000000081d00000| Updating 
|  30|0x0000000081e00000, 0x0000000081f00000, 0x0000000081f00000|100%| O|  |TAMS 0x0000000081f00000, 0x0000000081e00000| Updating 
|  31|0x0000000081f00000, 0x0000000082000000, 0x0000000082000000|100%| O|  |TAMS 0x0000000082000000, 0x0000000081f00000| Updating 
|  32|0x0000000082000000, 0x0000000082100000, 0x0000000082100000|100%| O|  |TAMS 0x0000000082100000, 0x0000000082000000| Updating 
|  33|0x0000000082100000, 0x0000000082200000, 0x0000000082200000|100%| O|  |TAMS 0x0000000082200000, 0x0000000082100000| Updating 
|  34|0x0000000082200000, 0x0000000082300000, 0x0000000082300000|100%| O|  |TAMS 0x0000000082300000, 0x0000000082200000| Updating 
|  35|0x0000000082300000, 0x0000000082400000, 0x0000000082400000|100%| O|  |TAMS 0x0000000082400000, 0x0000000082300000| Updating 
|  36|0x0000000082400000, 0x0000000082500000, 0x0000000082500000|100%| O|  |TAMS 0x0000000082500000, 0x0000000082400000| Updating 
|  37|0x0000000082500000, 0x0000000082600000, 0x0000000082600000|100%| O|  |TAMS 0x0000000082600000, 0x0000000082500000| Updating 
|  38|0x0000000082600000, 0x0000000082700000, 0x0000000082700000|100%| O|  |TAMS 0x0000000082700000, 0x0000000082600000| Updating 
|  39|0x0000000082700000, 0x0000000082800000, 0x0000000082800000|100%| O|  |TAMS 0x0000000082800000, 0x0000000082700000| Updating 
|  40|0x0000000082800000, 0x0000000082900000, 0x0000000082900000|100%| O|  |TAMS 0x0000000082900000, 0x0000000082800000| Updating 
|  41|0x0000000082900000, 0x0000000082a00000, 0x0000000082a00000|100%| O|  |TAMS 0x0000000082a00000, 0x0000000082900000| Updating 
|  42|0x0000000082a00000, 0x0000000082b00000, 0x0000000082b00000|100%| O|  |TAMS 0x0000000082b00000, 0x0000000082a00000| Updating 
|  43|0x0000000082b00000, 0x0000000082c00000, 0x0000000082c00000|100%| O|  |TAMS 0x0000000082c00000, 0x0000000082b00000| Updating 
|  44|0x0000000082c00000, 0x0000000082d00000, 0x0000000082d00000|100%| O|  |TAMS 0x0000000082d00000, 0x0000000082c00000| Updating 
|  45|0x0000000082d00000, 0x0000000082e00000, 0x0000000082e00000|100%| O|  |TAMS 0x0000000082e00000, 0x0000000082d00000| Updating 
|  46|0x0000000082e00000, 0x0000000082f00000, 0x0000000082f00000|100%| O|  |TAMS 0x0000000082f00000, 0x0000000082e00000| Updating 
|  47|0x0000000082f00000, 0x0000000083000000, 0x0000000083000000|100%| O|  |TAMS 0x0000000083000000, 0x0000000082f00000| Updating 
|  48|0x0000000083000000, 0x0000000083100000, 0x0000000083100000|100%| O|  |TAMS 0x0000000083100000, 0x0000000083000000| Updating 
|  49|0x0000000083100000, 0x0000000083200000, 0x0000000083200000|100%| O|  |TAMS 0x0000000083200000, 0x0000000083100000| Updating 
|  50|0x0000000083200000, 0x0000000083300000, 0x0000000083300000|100%| O|  |TAMS 0x0000000083300000, 0x0000000083200000| Updating 
|  51|0x0000000083300000, 0x0000000083400000, 0x0000000083400000|100%| O|  |TAMS 0x0000000083400000, 0x0000000083300000| Updating 
|  52|0x0000000083400000, 0x0000000083500000, 0x0000000083500000|100%| O|  |TAMS 0x0000000083500000, 0x0000000083400000| Updating 
|  53|0x0000000083500000, 0x0000000083600000, 0x0000000083600000|100%| O|  |TAMS 0x0000000083600000, 0x0000000083500000| Updating 
|  54|0x0000000083600000, 0x0000000083700000, 0x0000000083700000|100%| O|  |TAMS 0x0000000083700000, 0x0000000083600000| Updating 
|  55|0x0000000083700000, 0x0000000083800000, 0x0000000083800000|100%| O|  |TAMS 0x0000000083800000, 0x0000000083700000| Updating 
|  56|0x0000000083800000, 0x0000000083900000, 0x0000000083900000|100%| O|  |TAMS 0x0000000083900000, 0x0000000083800000| Updating 
|  57|0x0000000083900000, 0x0000000083a00000, 0x0000000083a00000|100%| O|  |TAMS 0x0000000083a00000, 0x0000000083900000| Updating 
|  58|0x0000000083a00000, 0x0000000083b00000, 0x0000000083b00000|100%| O|  |TAMS 0x0000000083b00000, 0x0000000083a00000| Updating 
|  59|0x0000000083b00000, 0x0000000083b00000, 0x0000000083c00000|  0%| F|  |TAMS 0x0000000083b00000, 0x0000000083b00000| Untracked 
|  60|0x0000000083c00000, 0x0000000083d00000, 0x0000000083d00000|100%| O|  |TAMS 0x0000000083d00000, 0x0000000083c00000| Updating 
|  61|0x0000000083d00000, 0x0000000083e00000, 0x0000000083e00000|100%| O|  |TAMS 0x0000000083e00000, 0x0000000083d00000| Updating 
|  62|0x0000000083e00000, 0x0000000083f00000, 0x0000000083f00000|100%| O|  |TAMS 0x0000000083f00000, 0x0000000083e00000| Updating 
|  63|0x0000000083f00000, 0x0000000084000000, 0x0000000084000000|100%| O|  |TAMS 0x0000000084000000, 0x0000000083f00000| Updating 
|  64|0x0000000084000000, 0x0000000084100000, 0x0000000084100000|100%| O|  |TAMS 0x0000000084100000, 0x0000000084000000| Updating 
|  65|0x0000000084100000, 0x0000000084200000, 0x0000000084200000|100%| O|  |TAMS 0x0000000084200000, 0x0000000084100000| Updating 
|  66|0x0000000084200000, 0x0000000084300000, 0x0000000084300000|100%| O|  |TAMS 0x0000000084300000, 0x0000000084200000| Updating 
|  67|0x0000000084300000, 0x0000000084400000, 0x0000000084400000|100%| O|  |TAMS 0x0000000084400000, 0x0000000084300000| Updating 
|  68|0x0000000084400000, 0x0000000084500000, 0x0000000084500000|100%| O|  |TAMS 0x0000000084500000, 0x0000000084400000| Updating 
|  69|0x0000000084500000, 0x0000000084600000, 0x0000000084600000|100%| O|  |TAMS 0x0000000084600000, 0x0000000084500000| Updating 
|  70|0x0000000084600000, 0x0000000084700000, 0x0000000084700000|100%| O|  |TAMS 0x0000000084700000, 0x0000000084600000| Updating 
|  71|0x0000000084700000, 0x0000000084800000, 0x0000000084800000|100%| O|  |TAMS 0x0000000084800000, 0x0000000084700000| Updating 
|  72|0x0000000084800000, 0x0000000084800000, 0x0000000084900000|  0%| F|  |TAMS 0x0000000084800000, 0x0000000084800000| Untracked 
|  73|0x0000000084900000, 0x0000000084a00000, 0x0000000084a00000|100%| O|  |TAMS 0x0000000084a00000, 0x0000000084900000| Updating 
|  74|0x0000000084a00000, 0x0000000084b00000, 0x0000000084b00000|100%| O|  |TAMS 0x0000000084b00000, 0x0000000084a00000| Updating 
|  75|0x0000000084b00000, 0x0000000084c00000, 0x0000000084c00000|100%| O|  |TAMS 0x0000000084c00000, 0x0000000084b00000| Updating 
|  76|0x0000000084c00000, 0x0000000084d00000, 0x0000000084d00000|100%| O|  |TAMS 0x0000000084d00000, 0x0000000084c00000| Updating 
|  77|0x0000000084d00000, 0x0000000084e00000, 0x0000000084e00000|100%| O|  |TAMS 0x0000000084e00000, 0x0000000084d00000| Updating 
|  78|0x0000000084e00000, 0x0000000084f00000, 0x0000000084f00000|100%| O|  |TAMS 0x0000000084f00000, 0x0000000084e00000| Updating 
|  79|0x0000000084f00000, 0x0000000085000000, 0x0000000085000000|100%| O|  |TAMS 0x0000000085000000, 0x0000000084f00000| Updating 
|  80|0x0000000085000000, 0x0000000085100000, 0x0000000085100000|100%| O|  |TAMS 0x0000000085100000, 0x0000000085000000| Updating 
|  81|0x0000000085100000, 0x0000000085200000, 0x0000000085200000|100%| O|  |TAMS 0x0000000085200000, 0x0000000085100000| Updating 
|  82|0x0000000085200000, 0x0000000085300000, 0x0000000085300000|100%| O|  |TAMS 0x0000000085300000, 0x0000000085200000| Updating 
|  83|0x0000000085300000, 0x0000000085400000, 0x0000000085400000|100%| O|  |TAMS 0x0000000085400000, 0x0000000085300000| Updating 
|  84|0x0000000085400000, 0x0000000085500000, 0x0000000085500000|100%| O|  |TAMS 0x0000000085500000, 0x0000000085400000| Updating 
|  85|0x0000000085500000, 0x0000000085600000, 0x0000000085600000|100%| O|  |TAMS 0x0000000085600000, 0x0000000085500000| Updating 
|  86|0x0000000085600000, 0x0000000085600000, 0x0000000085700000|  0%| F|  |TAMS 0x0000000085600000, 0x0000000085600000| Untracked 
|  87|0x0000000085700000, 0x0000000085700000, 0x0000000085800000|  0%| F|  |TAMS 0x0000000085700000, 0x0000000085700000| Untracked 
|  88|0x0000000085800000, 0x0000000085800000, 0x0000000085900000|  0%| F|  |TAMS 0x0000000085800000, 0x0000000085800000| Untracked 
|  89|0x0000000085900000, 0x0000000085900000, 0x0000000085a00000|  0%| F|  |TAMS 0x0000000085900000, 0x0000000085900000| Untracked 
|  90|0x0000000085a00000, 0x0000000085a00000, 0x0000000085b00000|  0%| F|  |TAMS 0x0000000085a00000, 0x0000000085a00000| Untracked 
|  91|0x0000000085b00000, 0x0000000085b00000, 0x0000000085c00000|  0%| F|  |TAMS 0x0000000085b00000, 0x0000000085b00000| Untracked 
|  92|0x0000000085c00000, 0x0000000085c00000, 0x0000000085d00000|  0%| F|  |TAMS 0x0000000085c00000, 0x0000000085c00000| Untracked 
|  93|0x0000000085d00000, 0x0000000085e00000, 0x0000000085e00000|100%| O|  |TAMS 0x0000000085e00000, 0x0000000085d00000| Updating 
|  94|0x0000000085e00000, 0x0000000085e00000, 0x0000000085f00000|  0%| F|  |TAMS 0x0000000085e00000, 0x0000000085e00000| Untracked 
|  95|0x0000000085f00000, 0x0000000085f00000, 0x0000000086000000|  0%| F|  |TAMS 0x0000000085f00000, 0x0000000085f00000| Untracked 
|  96|0x0000000086000000, 0x0000000086000000, 0x0000000086100000|  0%| F|  |TAMS 0x0000000086000000, 0x0000000086000000| Untracked 
|  97|0x0000000086100000, 0x0000000086100000, 0x0000000086200000|  0%| F|  |TAMS 0x0000000086100000, 0x0000000086100000| Untracked 
|  98|0x0000000086200000, 0x0000000086300000, 0x0000000086300000|100%| O|  |TAMS 0x0000000086300000, 0x0000000086200000| Updating 
|  99|0x0000000086300000, 0x0000000086400000, 0x0000000086400000|100%| O|  |TAMS 0x0000000086400000, 0x0000000086300000| Updating 
| 100|0x0000000086400000, 0x0000000086500000, 0x0000000086500000|100%| O|  |TAMS 0x0000000086500000, 0x0000000086400000| Updating 
| 101|0x0000000086500000, 0x0000000086600000, 0x0000000086600000|100%| O|  |TAMS 0x0000000086600000, 0x0000000086500000| Updating 
| 102|0x0000000086600000, 0x0000000086700000, 0x0000000086700000|100%| O|  |TAMS 0x0000000086700000, 0x0000000086600000| Updating 
| 103|0x0000000086700000, 0x0000000086800000, 0x0000000086800000|100%| O|  |TAMS 0x0000000086800000, 0x0000000086700000| Updating 
| 104|0x0000000086800000, 0x0000000086900000, 0x0000000086900000|100%| O|  |TAMS 0x0000000086900000, 0x0000000086800000| Updating 
| 105|0x0000000086900000, 0x0000000086a00000, 0x0000000086a00000|100%| O|  |TAMS 0x0000000086a00000, 0x0000000086900000| Updating 
| 106|0x0000000086a00000, 0x0000000086b00000, 0x0000000086b00000|100%| O|  |TAMS 0x0000000086b00000, 0x0000000086a00000| Updating 
| 107|0x0000000086b00000, 0x0000000086b28e00, 0x0000000086c00000| 15%| O|  |TAMS 0x0000000086b28e00, 0x0000000086b00000| Updating 
| 108|0x0000000086c00000, 0x0000000086c00000, 0x0000000086d00000|  0%| F|  |TAMS 0x0000000086c00000, 0x0000000086c00000| Untracked 
| 109|0x0000000086d00000, 0x0000000086d00000, 0x0000000086e00000|  0%| F|  |TAMS 0x0000000086d00000, 0x0000000086d00000| Untracked 
| 110|0x0000000086e00000, 0x0000000086e00000, 0x0000000086f00000|  0%| F|  |TAMS 0x0000000086e00000, 0x0000000086e00000| Untracked 
| 111|0x0000000086f00000, 0x0000000086f00000, 0x0000000087000000|  0%| F|  |TAMS 0x0000000086f00000, 0x0000000086f00000| Untracked 
| 112|0x0000000087000000, 0x0000000087000000, 0x0000000087100000|  0%| F|  |TAMS 0x0000000087000000, 0x0000000087000000| Untracked 
| 113|0x0000000087100000, 0x0000000087100000, 0x0000000087200000|  0%| F|  |TAMS 0x0000000087100000, 0x0000000087100000| Untracked 
| 114|0x0000000087200000, 0x0000000087200000, 0x0000000087300000|  0%| F|  |TAMS 0x0000000087200000, 0x0000000087200000| Untracked 
| 115|0x0000000087300000, 0x0000000087300000, 0x0000000087400000|  0%| F|  |TAMS 0x0000000087300000, 0x0000000087300000| Untracked 
| 116|0x0000000087400000, 0x0000000087400000, 0x0000000087500000|  0%| F|  |TAMS 0x0000000087400000, 0x0000000087400000| Untracked 
| 117|0x0000000087500000, 0x0000000087500000, 0x0000000087600000|  0%| F|  |TAMS 0x0000000087500000, 0x0000000087500000| Untracked 
| 118|0x0000000087600000, 0x0000000087600000, 0x0000000087700000|  0%| F|  |TAMS 0x0000000087600000, 0x0000000087600000| Untracked 
| 119|0x0000000087700000, 0x0000000087700000, 0x0000000087800000|  0%| F|  |TAMS 0x0000000087700000, 0x0000000087700000| Untracked 
| 120|0x0000000087800000, 0x0000000087800000, 0x0000000087900000|  0%| F|  |TAMS 0x0000000087800000, 0x0000000087800000| Untracked 
| 121|0x0000000087900000, 0x00000000879cc530, 0x0000000087a00000| 79%| S|CS|TAMS 0x0000000087900000, 0x0000000087900000| Complete 
| 122|0x0000000087a00000, 0x0000000087b00000, 0x0000000087b00000|100%| S|CS|TAMS 0x0000000087a00000, 0x0000000087a00000| Complete 
| 123|0x0000000087b00000, 0x0000000087b00000, 0x0000000087c00000|  0%| F|  |TAMS 0x0000000087b00000, 0x0000000087b00000| Untracked 
| 124|0x0000000087c00000, 0x0000000087c00000, 0x0000000087d00000|  0%| F|  |TAMS 0x0000000087c00000, 0x0000000087c00000| Untracked 
| 125|0x0000000087d00000, 0x0000000087d00000, 0x0000000087e00000|  0%| F|  |TAMS 0x0000000087d00000, 0x0000000087d00000| Untracked 
| 126|0x0000000087e00000, 0x0000000087e00000, 0x0000000087f00000|  0%| F|  |TAMS 0x0000000087e00000, 0x0000000087e00000| Untracked 
| 127|0x0000000087f00000, 0x0000000087f00000, 0x0000000088000000|  0%| F|  |TAMS 0x0000000087f00000, 0x0000000087f00000| Untracked 
| 128|0x0000000088000000, 0x0000000088000000, 0x0000000088100000|  0%| F|  |TAMS 0x0000000088000000, 0x0000000088000000| Untracked 
| 129|0x0000000088100000, 0x0000000088100000, 0x0000000088200000|  0%| F|  |TAMS 0x0000000088100000, 0x0000000088100000| Untracked 
| 130|0x0000000088200000, 0x0000000088200000, 0x0000000088300000|  0%| F|  |TAMS 0x0000000088200000, 0x0000000088200000| Untracked 
| 131|0x0000000088300000, 0x0000000088300000, 0x0000000088400000|  0%| F|  |TAMS 0x0000000088300000, 0x0000000088300000| Untracked 
| 132|0x0000000088400000, 0x0000000088400000, 0x0000000088500000|  0%| F|  |TAMS 0x0000000088400000, 0x0000000088400000| Untracked 
| 133|0x0000000088500000, 0x0000000088500000, 0x0000000088600000|  0%| F|  |TAMS 0x0000000088500000, 0x0000000088500000| Untracked 
| 134|0x0000000088600000, 0x0000000088600000, 0x0000000088700000|  0%| F|  |TAMS 0x0000000088600000, 0x0000000088600000| Untracked 
| 135|0x0000000088700000, 0x0000000088700000, 0x0000000088800000|  0%| F|  |TAMS 0x0000000088700000, 0x0000000088700000| Untracked 
| 136|0x0000000088800000, 0x0000000088800000, 0x0000000088900000|  0%| F|  |TAMS 0x0000000088800000, 0x0000000088800000| Untracked 
| 137|0x0000000088900000, 0x0000000088900000, 0x0000000088a00000|  0%| F|  |TAMS 0x0000000088900000, 0x0000000088900000| Untracked 
| 138|0x0000000088a00000, 0x0000000088a00000, 0x0000000088b00000|  0%| F|  |TAMS 0x0000000088a00000, 0x0000000088a00000| Untracked 
| 139|0x0000000088b00000, 0x0000000088b00000, 0x0000000088c00000|  0%| F|  |TAMS 0x0000000088b00000, 0x0000000088b00000| Untracked 
| 140|0x0000000088c00000, 0x0000000088c00000, 0x0000000088d00000|  0%| F|  |TAMS 0x0000000088c00000, 0x0000000088c00000| Untracked 
| 141|0x0000000088d00000, 0x0000000088d00000, 0x0000000088e00000|  0%| F|  |TAMS 0x0000000088d00000, 0x0000000088d00000| Untracked 
| 142|0x0000000088e00000, 0x0000000088e00000, 0x0000000088f00000|  0%| F|  |TAMS 0x0000000088e00000, 0x0000000088e00000| Untracked 
| 143|0x0000000088f00000, 0x0000000088f00000, 0x0000000089000000|  0%| F|  |TAMS 0x0000000088f00000, 0x0000000088f00000| Untracked 
| 144|0x0000000089000000, 0x0000000089000000, 0x0000000089100000|  0%| F|  |TAMS 0x0000000089000000, 0x0000000089000000| Untracked 
| 145|0x0000000089100000, 0x0000000089100000, 0x0000000089200000|  0%| F|  |TAMS 0x0000000089100000, 0x0000000089100000| Untracked 
| 146|0x0000000089200000, 0x0000000089200000, 0x0000000089300000|  0%| F|  |TAMS 0x0000000089200000, 0x0000000089200000| Untracked 
| 147|0x0000000089300000, 0x0000000089300000, 0x0000000089400000|  0%| F|  |TAMS 0x0000000089300000, 0x0000000089300000| Untracked 
| 148|0x0000000089400000, 0x0000000089400000, 0x0000000089500000|  0%| F|  |TAMS 0x0000000089400000, 0x0000000089400000| Untracked 
| 149|0x0000000089500000, 0x0000000089500000, 0x0000000089600000|  0%| F|  |TAMS 0x0000000089500000, 0x0000000089500000| Untracked 
| 150|0x0000000089600000, 0x0000000089600000, 0x0000000089700000|  0%| F|  |TAMS 0x0000000089600000, 0x0000000089600000| Untracked 
| 151|0x0000000089700000, 0x0000000089700000, 0x0000000089800000|  0%| F|  |TAMS 0x0000000089700000, 0x0000000089700000| Untracked 
| 152|0x0000000089800000, 0x0000000089800000, 0x0000000089900000|  0%| F|  |TAMS 0x0000000089800000, 0x0000000089800000| Untracked 
| 153|0x0000000089900000, 0x0000000089900000, 0x0000000089a00000|  0%| F|  |TAMS 0x0000000089900000, 0x0000000089900000| Untracked 
| 154|0x0000000089a00000, 0x0000000089a00000, 0x0000000089b00000|  0%| F|  |TAMS 0x0000000089a00000, 0x0000000089a00000| Untracked 
| 155|0x0000000089b00000, 0x0000000089b00000, 0x0000000089c00000|  0%| F|  |TAMS 0x0000000089b00000, 0x0000000089b00000| Untracked 
| 156|0x0000000089c00000, 0x0000000089c00000, 0x0000000089d00000|  0%| F|  |TAMS 0x0000000089c00000, 0x0000000089c00000| Untracked 
| 157|0x0000000089d00000, 0x0000000089d00000, 0x0000000089e00000|  0%| F|  |TAMS 0x0000000089d00000, 0x0000000089d00000| Untracked 
| 158|0x0000000089e00000, 0x0000000089e00000, 0x0000000089f00000|  0%| F|  |TAMS 0x0000000089e00000, 0x0000000089e00000| Untracked 
| 159|0x0000000089f00000, 0x0000000089f00000, 0x000000008a000000|  0%| F|  |TAMS 0x0000000089f00000, 0x0000000089f00000| Untracked 
| 160|0x000000008a000000, 0x000000008a000000, 0x000000008a100000|  0%| F|  |TAMS 0x000000008a000000, 0x000000008a000000| Untracked 
| 161|0x000000008a100000, 0x000000008a100000, 0x000000008a200000|  0%| F|  |TAMS 0x000000008a100000, 0x000000008a100000| Untracked 
| 162|0x000000008a200000, 0x000000008a200000, 0x000000008a300000|  0%| F|  |TAMS 0x000000008a200000, 0x000000008a200000| Untracked 
| 163|0x000000008a300000, 0x000000008a300000, 0x000000008a400000|  0%| F|  |TAMS 0x000000008a300000, 0x000000008a300000| Untracked 
| 164|0x000000008a400000, 0x000000008a400000, 0x000000008a500000|  0%| F|  |TAMS 0x000000008a400000, 0x000000008a400000| Untracked 
| 165|0x000000008a500000, 0x000000008a500000, 0x000000008a600000|  0%| F|  |TAMS 0x000000008a500000, 0x000000008a500000| Untracked 
| 166|0x000000008a600000, 0x000000008a600000, 0x000000008a700000|  0%| F|  |TAMS 0x000000008a600000, 0x000000008a600000| Untracked 
| 167|0x000000008a700000, 0x000000008a7b2f40, 0x000000008a800000| 69%| E|  |TAMS 0x000000008a700000, 0x000000008a700000| Complete 
| 168|0x000000008a800000, 0x000000008a900000, 0x000000008a900000|100%| E|CS|TAMS 0x000000008a800000, 0x000000008a800000| Complete 
| 169|0x000000008a900000, 0x000000008aa00000, 0x000000008aa00000|100%| E|CS|TAMS 0x000000008a900000, 0x000000008a900000| Complete 
| 170|0x000000008aa00000, 0x000000008ab00000, 0x000000008ab00000|100%| E|CS|TAMS 0x000000008aa00000, 0x000000008aa00000| Complete 
| 171|0x000000008ab00000, 0x000000008ac00000, 0x000000008ac00000|100%| E|CS|TAMS 0x000000008ab00000, 0x000000008ab00000| Complete 
| 172|0x000000008ac00000, 0x000000008ad00000, 0x000000008ad00000|100%| E|CS|TAMS 0x000000008ac00000, 0x000000008ac00000| Complete 
| 173|0x000000008ad00000, 0x000000008ae00000, 0x000000008ae00000|100%| E|CS|TAMS 0x000000008ad00000, 0x000000008ad00000| Complete 
| 174|0x000000008ae00000, 0x000000008af00000, 0x000000008af00000|100%| E|CS|TAMS 0x000000008ae00000, 0x000000008ae00000| Complete 
| 175|0x000000008af00000, 0x000000008b000000, 0x000000008b000000|100%| E|CS|TAMS 0x000000008af00000, 0x000000008af00000| Complete 
| 176|0x000000008b000000, 0x000000008b100000, 0x000000008b100000|100%| E|CS|TAMS 0x000000008b000000, 0x000000008b000000| Complete 
| 177|0x000000008b100000, 0x000000008b200000, 0x000000008b200000|100%| E|CS|TAMS 0x000000008b100000, 0x000000008b100000| Complete 
| 178|0x000000008b200000, 0x000000008b300000, 0x000000008b300000|100%| E|CS|TAMS 0x000000008b200000, 0x000000008b200000| Complete 
| 179|0x000000008b300000, 0x000000008b400000, 0x000000008b400000|100%| E|CS|TAMS 0x000000008b300000, 0x000000008b300000| Complete 
| 180|0x000000008b400000, 0x000000008b500000, 0x000000008b500000|100%| E|  |TAMS 0x000000008b400000, 0x000000008b400000| Complete 
| 181|0x000000008b500000, 0x000000008b600000, 0x000000008b600000|100%| E|CS|TAMS 0x000000008b500000, 0x000000008b500000| Complete 
| 182|0x000000008b600000, 0x000000008b700000, 0x000000008b700000|100%| E|CS|TAMS 0x000000008b600000, 0x000000008b600000| Complete 

Card table byte_map: [0x0000015dc2600000,0x0000015dc2a00000] _byte_map_base: 0x0000015dc2200000

Marking Bits (Prev, Next): (CMBitMap*) 0x0000015dad66a2c8, (CMBitMap*) 0x0000015dad66a300
 Prev Bits: [0x0000015dc2e00000, 0x0000015dc4e00000)
 Next Bits: [0x0000015dc4e00000, 0x0000015dc6e00000)

Polling page: 0x0000015daeec0000

Metaspace:

Usage:
  Non-class:     93.84 MB capacity,    91.93 MB ( 98%) used,     1.58 MB (  2%) free+waste,   345.81 KB ( <1%) overhead. 
      Class:     14.59 MB capacity,    13.51 MB ( 93%) used,   944.96 KB (  6%) free+waste,   157.13 KB (  1%) overhead. 
       Both:    108.43 MB capacity,   105.44 MB ( 97%) used,     2.50 MB (  2%) free+waste,   502.94 KB ( <1%) overhead. 

Virtual space:
  Non-class space:       96.00 MB reserved,      94.25 MB ( 98%) committed 
      Class space:        1.00 GB reserved,      15.00 MB (  1%) committed 
             Both:        1.09 GB reserved,     109.25 MB ( 10%) committed 

Chunk freelists:
   Non-Class:  418.00 KB
       Class:  315.00 KB
        Both:  733.00 KB

MaxMetaspaceSize: 17179869184.00 GB
CompressedClassSpaceSize: 1.00 GB

CodeHeap 'non-profiled nmethods': size=120000Kb used=11316Kb max_used=11316Kb free=108683Kb
 bounds [0x0000015dba250000, 0x0000015dbad60000, 0x0000015dc1780000]
CodeHeap 'profiled nmethods': size=120000Kb used=33868Kb max_used=33868Kb free=86131Kb
 bounds [0x0000015db2d20000, 0x0000015db4e40000, 0x0000015dba250000]
CodeHeap 'non-nmethods': size=5760Kb used=2347Kb max_used=2403Kb free=3412Kb
 bounds [0x0000015db2780000, 0x0000015db29f0000, 0x0000015db2d20000]
 total_blobs=16716 nmethods=15753 adapters=872
 compilation: enabled
              stopped_count=0, restarted_count=0
 full_count=0

Compilation events (20 events):
Event: 417.943 Thread 0x0000015dc98f9800 nmethod 16176 0x0000015db4dedc90 code [0x0000015db4dede80, 0x0000015db4dee288]
Event: 417.943 Thread 0x0000015dc98f9800 16177       3       com.android.tools.r8.graph.g1::a (401 bytes)
Event: 417.944 Thread 0x0000015dd3943800 nmethod 16155 0x0000015dbad5ac10 code [0x0000015dbad5ae20, 0x0000015dbad5c278]
Event: 417.944 Thread 0x0000015dd3943800 16161       4       sun.nio.fs.WindowsPath::subpath (155 bytes)
Event: 417.946 Thread 0x0000015dc98f9800 nmethod 16177 0x0000015db4dee490 code [0x0000015db4deeba0, 0x0000015db4df3108]
Event: 417.946 Thread 0x0000015dc98f9800 16178       3       com.android.tools.r8.C.a.a.s::a (63 bytes)
Event: 417.946 Thread 0x0000015dc98f9800 nmethod 16178 0x0000015db4df4490 code [0x0000015db4df4680, 0x0000015db4df4ba8]
Event: 417.946 Thread 0x0000015dc98f9800 16183       3       com.android.tools.r8.C.a.a.f::f (27 bytes)
Event: 417.946 Thread 0x0000015dc98f9800 nmethod 16183 0x0000015db4df4d90 code [0x0000015db4df4f40, 0x0000015db4df50b8]
Event: 417.947 Thread 0x0000015dc98f9800 16182       3       com.android.tools.r8.r.o.E::<init> (112 bytes)
Event: 417.947 Thread 0x0000015dc98f9800 nmethod 16182 0x0000015db4df5190 code [0x0000015db4df5360, 0x0000015db4df55b8]
Event: 417.947 Thread 0x0000015dc98f9800 16184       3       com.android.tools.r8.graph.g1::a (38 bytes)
Event: 417.948 Thread 0x0000015dc98f9800 nmethod 16184 0x0000015db4df5690 code [0x0000015db4df5920, 0x0000015db4df6468]
Event: 417.948 Thread 0x0000015dc98f9800 16185       3       com.android.tools.r8.graph.g1$$Lambda$1059/0x0000000100cca440::apply (8 bytes)
Event: 417.948 Thread 0x0000015dc98f9800 nmethod 16185 0x0000015db4df6990 code [0x0000015db4df6b60, 0x0000015db4df6f18]
Event: 417.948 Thread 0x0000015dc98f9800 16186       3       com.android.tools.r8.graph.g1::c (8 bytes)
Event: 417.948 Thread 0x0000015dc98f9800 nmethod 16186 0x0000015db4df7090 code [0x0000015db4df7260, 0x0000015db4df74b8]
Event: 417.948 Thread 0x0000015dc98f9800 16187       3       com.android.tools.r8.graph.g1::a (16 bytes)
Event: 417.948 Thread 0x0000015dc98f9800 nmethod 16187 0x0000015db4df7610 code [0x0000015db4df7800, 0x0000015db4df7d18]
Event: 417.948 Thread 0x0000015dc98f9800 16180       3       java.io.ObjectInputStream::readFields (74 bytes)

GC Heap History (20 events):
Event: 370.512 GC heap before
{Heap before GC invocations=32 (full 0):
 garbage-first heap   total 187392K, used 155732K [0x0000000080000000, 0x0000000100000000)
  region size 1024K, 60 young (61440K), 5 survivors (5120K)
 Metaspace       used 106514K, capacity 109349K, committed 110848K, reserved 1144832K
  class space    used 13749K, capacity 14783K, committed 15360K, reserved 1048576K
}
Event: 370.520 GC heap after
{Heap after GC invocations=33 (full 0):
 garbage-first heap   total 187392K, used 101628K [0x0000000080000000, 0x0000000100000000)
  region size 1024K, 6 young (6144K), 6 survivors (6144K)
 Metaspace       used 106514K, capacity 109349K, committed 110848K, reserved 1144832K
  class space    used 13749K, capacity 14783K, committed 15360K, reserved 1048576K
}
Event: 370.960 GC heap before
{Heap before GC invocations=34 (full 0):
 garbage-first heap   total 187392K, used 156924K [0x0000000080000000, 0x0000000100000000)
  region size 1024K, 61 young (62464K), 6 survivors (6144K)
 Metaspace       used 106820K, capacity 109641K, committed 111104K, reserved 1144832K
  class space    used 13748K, capacity 14781K, committed 15360K, reserved 1048576K
}
Event: 370.968 GC heap after
{Heap after GC invocations=35 (full 0):
 garbage-first heap   total 187392K, used 102574K [0x0000000080000000, 0x0000000100000000)
  region size 1024K, 5 young (5120K), 5 survivors (5120K)
 Metaspace       used 106820K, capacity 109641K, committed 111104K, reserved 1144832K
  class space    used 13748K, capacity 14781K, committed 15360K, reserved 1048576K
}
Event: 370.988 GC heap before
{Heap before GC invocations=35 (full 0):
 garbage-first heap   total 187392K, used 105646K [0x0000000080000000, 0x0000000100000000)
  region size 1024K, 9 young (9216K), 5 survivors (5120K)
 Metaspace       used 106840K, capacity 109643K, committed 111104K, reserved 1144832K
  class space    used 13748K, capacity 14781K, committed 15360K, reserved 1048576K
}
Event: 370.998 GC heap after
{Heap after GC invocations=36 (full 0):
 garbage-first heap   total 187392K, used 98666K [0x0000000080000000, 0x0000000100000000)
  region size 1024K, 1 young (1024K), 1 survivors (1024K)
 Metaspace       used 106840K, capacity 109643K, committed 111104K, reserved 1144832K
  class space    used 13748K, capacity 14781K, committed 15360K, reserved 1048576K
}
Event: 371.179 GC heap before
{Heap before GC invocations=36 (full 0):
 garbage-first heap   total 187392K, used 115050K [0x0000000080000000, 0x0000000100000000)
  region size 1024K, 19 young (19456K), 1 survivors (1024K)
 Metaspace       used 106903K, capacity 109709K, committed 111104K, reserved 1144832K
  class space    used 13748K, capacity 14781K, committed 15360K, reserved 1048576K
}
Event: 371.183 GC heap after
{Heap after GC invocations=37 (full 0):
 garbage-first heap   total 187392K, used 98864K [0x0000000080000000, 0x0000000100000000)
  region size 1024K, 1 young (1024K), 1 survivors (1024K)
 Metaspace       used 106903K, capacity 109709K, committed 111104K, reserved 1144832K
  class space    used 13748K, capacity 14781K, committed 15360K, reserved 1048576K
}
Event: 414.752 GC heap before
{Heap before GC invocations=38 (full 0):
 garbage-first heap   total 187392K, used 174640K [0x0000000080000000, 0x0000000100000000)
  region size 1024K, 59 young (60416K), 1 survivors (1024K)
 Metaspace       used 107315K, capacity 110172K, committed 111360K, reserved 1144832K
  class space    used 13758K, capacity 14795K, committed 15360K, reserved 1048576K
}
Event: 414.757 GC heap after
{Heap after GC invocations=39 (full 0):
 garbage-first heap   total 187392K, used 104045K [0x0000000080000000, 0x0000000100000000)
  region size 1024K, 7 young (7168K), 7 survivors (7168K)
 Metaspace       used 107315K, capacity 110172K, committed 111360K, reserved 1144832K
  class space    used 13758K, capacity 14795K, committed 15360K, reserved 1048576K
}
Event: 414.765 GC heap before
{Heap before GC invocations=39 (full 0):
 garbage-first heap   total 187392K, used 106093K [0x0000000080000000, 0x0000000100000000)
  region size 1024K, 9 young (9216K), 7 survivors (7168K)
 Metaspace       used 107317K, capacity 110172K, committed 111360K, reserved 1144832K
  class space    used 13758K, capacity 14795K, committed 15360K, reserved 1048576K
}
Event: 414.770 GC heap after
{Heap after GC invocations=40 (full 0):
 garbage-first heap   total 187392K, used 104230K [0x0000000080000000, 0x0000000100000000)
  region size 1024K, 1 young (1024K), 1 survivors (1024K)
 Metaspace       used 107317K, capacity 110172K, committed 111360K, reserved 1144832K
  class space    used 13758K, capacity 14795K, committed 15360K, reserved 1048576K
}
Event: 415.086 GC heap before
{Heap before GC invocations=40 (full 0):
 garbage-first heap   total 187392K, used 155430K [0x0000000080000000, 0x0000000100000000)
  region size 1024K, 52 young (53248K), 1 survivors (1024K)
 Metaspace       used 107348K, capacity 110190K, committed 111360K, reserved 1144832K
  class space    used 13761K, capacity 14801K, committed 15360K, reserved 1048576K
}
Event: 415.092 GC heap after
{Heap after GC invocations=41 (full 0):
 garbage-first heap   total 187392K, used 104729K [0x0000000080000000, 0x0000000100000000)
  region size 1024K, 2 young (2048K), 2 survivors (2048K)
 Metaspace       used 107348K, capacity 110190K, committed 111360K, reserved 1144832K
  class space    used 13761K, capacity 14801K, committed 15360K, reserved 1048576K
}
Event: 416.217 GC heap before
{Heap before GC invocations=42 (full 0):
 garbage-first heap   total 187392K, used 156953K [0x0000000080000000, 0x0000000100000000)
  region size 1024K, 54 young (55296K), 2 survivors (2048K)
 Metaspace       used 107381K, capacity 110260K, committed 111616K, reserved 1144832K
  class space    used 13763K, capacity 14803K, committed 15360K, reserved 1048576K
}
Event: 416.221 GC heap after
{Heap after GC invocations=43 (full 0):
 garbage-first heap   total 187392K, used 106002K [0x0000000080000000, 0x0000000100000000)
  region size 1024K, 3 young (3072K), 3 survivors (3072K)
 Metaspace       used 107381K, capacity 110260K, committed 111616K, reserved 1144832K
  class space    used 13763K, capacity 14803K, committed 15360K, reserved 1048576K
}
Event: 416.375 GC heap before
{Heap before GC invocations=43 (full 0):
 garbage-first heap   total 187392K, used 112146K [0x0000000080000000, 0x0000000100000000)
  region size 1024K, 9 young (9216K), 3 survivors (3072K)
 Metaspace       used 107776K, capacity 110842K, committed 111872K, reserved 1146880K
  class space    used 13828K, capacity 14923K, committed 15360K, reserved 1048576K
}
Event: 416.384 GC heap after
{Heap after GC invocations=44 (full 0):
 garbage-first heap   total 187392K, used 97885K [0x0000000080000000, 0x0000000100000000)
  region size 1024K, 2 young (2048K), 2 survivors (2048K)
 Metaspace       used 107776K, capacity 110842K, committed 111872K, reserved 1146880K
  class space    used 13828K, capacity 14923K, committed 15360K, reserved 1048576K
}
Event: 417.850 GC heap before
{Heap before GC invocations=44 (full 0):
 garbage-first heap   total 187392K, used 156253K [0x0000000080000000, 0x0000000100000000)
  region size 1024K, 60 young (61440K), 2 survivors (2048K)
 Metaspace       used 107858K, capacity 110958K, committed 111872K, reserved 1146880K
  class space    used 13836K, capacity 14939K, committed 15360K, reserved 1048576K
}
Event: 417.854 GC heap after
{Heap after GC invocations=45 (full 0):
 garbage-first heap   total 187392K, used 98260K [0x0000000080000000, 0x0000000100000000)
  region size 1024K, 2 young (2048K), 2 survivors (2048K)
 Metaspace       used 107858K, capacity 110958K, committed 111872K, reserved 1146880K
  class space    used 13836K, capacity 14939K, committed 15360K, reserved 1048576K
}

Deoptimization events (20 events):
Event: 415.035 Thread 0x0000015dd3948800 Uncommon trap: trap_request=0xffffff4d fr.pc=0x0000015dbaab4b5c relative=0x000000000000017c
Event: 415.035 Thread 0x0000015dd3948800 Uncommon trap: reason=unstable_if action=reinterpret pc=0x0000015dbaab4b5c method=com.google.common.cache.LongAdder.add(J)V @ 95 c2
Event: 415.035 Thread 0x0000015dd3948800 DEOPT PACKING pc=0x0000015dbaab4b5c sp=0x0000005a70afbf80
Event: 415.035 Thread 0x0000015dd3948800 DEOPT UNPACKING pc=0x0000015db278822f sp=0x0000005a70afbf10 mode 2
Event: 415.267 Thread 0x0000015dd393d000 Uncommon trap: trap_request=0xffffff4d fr.pc=0x0000015dba90503c relative=0x000000000000075c
Event: 415.267 Thread 0x0000015dd393d000 Uncommon trap: reason=unstable_if action=reinterpret pc=0x0000015dba90503c method=com.esotericsoftware.kryo.io.Output.writeVarLong(JZ)I @ 55 c2
Event: 415.267 Thread 0x0000015dd393d000 DEOPT PACKING pc=0x0000015dba90503c sp=0x0000005a6effef90
Event: 415.267 Thread 0x0000015dd393d000 DEOPT UNPACKING pc=0x0000015db278822f sp=0x0000005a6effef60 mode 2
Event: 416.181 Thread 0x0000015dd3953000 Uncommon trap: trap_request=0xffffff5c fr.pc=0x0000015dbabd1de4 relative=0x0000000000001fe4
Event: 416.181 Thread 0x0000015dd3953000 Uncommon trap: reason=speculate_null_assert action=make_not_entrant pc=0x0000015dbabd1de4 method=com.google.common.collect.Interners$InternerImpl.intern(Ljava/lang/Object;)Ljava/lang/Object; @ 42 c2
Event: 416.181 Thread 0x0000015dd3953000 DEOPT PACKING pc=0x0000015dbabd1de4 sp=0x0000005a70bfcae0
Event: 416.181 Thread 0x0000015dd3953000 DEOPT UNPACKING pc=0x0000015db278822f sp=0x0000005a70bfcb50 mode 2
Event: 416.206 Thread 0x0000015dd394e000 Uncommon trap: trap_request=0xffffff4d fr.pc=0x0000015dbace8b50 relative=0x0000000000000390
Event: 416.206 Thread 0x0000015dd394e000 Uncommon trap: reason=unstable_if action=reinterpret pc=0x0000015dbace8b50 method=java.util.concurrent.ConcurrentLinkedQueue.offer(Ljava/lang/Object;)Z @ 77 c2
Event: 416.206 Thread 0x0000015dd394e000 DEOPT PACKING pc=0x0000015dbace8b50 sp=0x0000005a709fdd30
Event: 416.206 Thread 0x0000015dd394e000 DEOPT UNPACKING pc=0x0000015db278822f sp=0x0000005a709fdcc8 mode 2
Event: 417.798 Thread 0x0000015dd3948800 Uncommon trap: trap_request=0xffffff4d fr.pc=0x0000015dba750db4 relative=0x0000000000000774
Event: 417.798 Thread 0x0000015dd3948800 Uncommon trap: reason=unstable_if action=reinterpret pc=0x0000015dba750db4 method=java.util.concurrent.ConcurrentHashMap.replaceNode(Ljava/lang/Object;Ljava/lang/Object;Ljava/lang/Object;)Ljava/lang/Object; @ 99 c2
Event: 417.798 Thread 0x0000015dd3948800 DEOPT PACKING pc=0x0000015dba750db4 sp=0x0000005a70afe970
Event: 417.798 Thread 0x0000015dd3948800 DEOPT UNPACKING pc=0x0000015db278822f sp=0x0000005a70afe8d8 mode 2

Classes redefined (0 events):
No events

Internal exceptions (20 events):
Event: 366.874 Thread 0x0000015dd32f9000 Implicit null exception at 0x0000015dba759ffc to 0x0000015dba75a108
Event: 367.565 Thread 0x0000015dcc4ac000 Exception <a 'sun/nio/fs/WindowsException'{0x0000000088175c90}> (0x0000000088175c90) thrown at [./src/hotspot/share/prims/jni.cpp, line 615]
Event: 367.565 Thread 0x0000015dcc4ac000 Exception <a 'sun/nio/fs/WindowsException'{0x0000000088176b60}> (0x0000000088176b60) thrown at [./src/hotspot/share/prims/jni.cpp, line 615]
Event: 367.699 Thread 0x0000015dcc4b5000 Exception <a 'java/lang/InterruptedException'{0x000000008b100000}> (0x000000008b100000) thrown at [./src/hotspot/share/runtime/objectMonitor.cpp, line 1635]
Event: 368.743 Thread 0x0000015dd32ee000 Exception <a 'java/lang/InterruptedException'{0x0000000089fecb98}> (0x0000000089fecb98) thrown at [./src/hotspot/share/runtime/objectMonitor.cpp, line 1635]
Event: 370.483 Thread 0x0000015dcc4ac000 Exception <a 'sun/nio/fs/WindowsException'{0x000000008875ded0}> (0x000000008875ded0) thrown at [./src/hotspot/share/prims/jni.cpp, line 615]
Event: 370.483 Thread 0x0000015dcc4ac000 Exception <a 'sun/nio/fs/WindowsException'{0x000000008875eb20}> (0x000000008875eb20) thrown at [./src/hotspot/share/prims/jni.cpp, line 615]
Event: 370.607 Thread 0x0000015dcc4b2000 Implicit null exception at 0x0000015dba93467e to 0x0000015dba9388c2
Event: 370.761 Thread 0x0000015dd3940000 Exception <a 'sun/nio/fs/WindowsException'{0x000000008934b660}> (0x000000008934b660) thrown at [./src/hotspot/share/prims/jni.cpp, line 615]
Event: 370.898 Thread 0x0000015dd3940000 Exception <a 'sun/nio/fs/WindowsException'{0x00000000889e5cc0}> (0x00000000889e5cc0) thrown at [./src/hotspot/share/prims/jni.cpp, line 615]
Event: 370.938 Thread 0x0000015dd393f800 Exception <a 'sun/nio/fs/WindowsException'{0x000000008842dbf0}> (0x000000008842dbf0) thrown at [./src/hotspot/share/prims/jni.cpp, line 615]
Event: 370.981 Thread 0x0000015dd393f800 Exception <a 'sun/nio/fs/WindowsException'{0x000000008b5f87b0}> (0x000000008b5f87b0) thrown at [./src/hotspot/share/prims/jni.cpp, line 615]
Event: 414.545 Thread 0x0000015dd32eb000 Exception <a 'sun/nio/fs/WindowsException'{0x00000000890deed8}> (0x00000000890deed8) thrown at [./src/hotspot/share/prims/jni.cpp, line 615]
Event: 415.410 Thread 0x0000015dd3958800 Exception <a 'sun/nio/fs/WindowsException'{0x00000000894747d0}> (0x00000000894747d0) thrown at [./src/hotspot/share/prims/jni.cpp, line 615]
Event: 415.411 Thread 0x0000015dd3958800 Exception <a 'sun/nio/fs/WindowsException'{0x00000000894753f0}> (0x00000000894753f0) thrown at [./src/hotspot/share/prims/jni.cpp, line 615]
Event: 415.508 Thread 0x0000015dd3956000 Exception <a 'java/lang/InterruptedException'{0x0000000088e5bf98}> (0x0000000088e5bf98) thrown at [./src/hotspot/share/runtime/objectMonitor.cpp, line 1635]
Event: 416.410 Thread 0x0000015dd3956000 Exception <a 'java/lang/InterruptedException'{0x000000008b5edc28}> (0x000000008b5edc28) thrown at [./src/hotspot/share/runtime/objectMonitor.cpp, line 1635]
Event: 417.785 Thread 0x0000015dd3958800 Exception <a 'sun/nio/fs/WindowsException'{0x000000008a3fa750}> (0x000000008a3fa750) thrown at [./src/hotspot/share/prims/jni.cpp, line 615]
Event: 417.785 Thread 0x0000015dd3958800 Exception <a 'sun/nio/fs/WindowsException'{0x000000008a3fb3a0}> (0x000000008a3fb3a0) thrown at [./src/hotspot/share/prims/jni.cpp, line 615]
Event: 417.929 Thread 0x0000015dd3956000 Exception <a 'sun/nio/fs/WindowsException'{0x000000008ad81f70}> (0x000000008ad81f70) thrown at [./src/hotspot/share/prims/jni.cpp, line 615]

Events (20 events):
Event: 417.890 Executing VM operation: RevokeBias done
Event: 417.906 Executing VM operation: RevokeBias
Event: 417.907 Executing VM operation: RevokeBias done
Event: 417.920 Executing VM operation: RevokeBias
Event: 417.920 Executing VM operation: RevokeBias done
Event: 417.921 Thread 0x0000015dd3957000 Thread added: 0x0000015dd3957000
Event: 417.922 Thread 0x0000015dd3956000 Thread added: 0x0000015dd3956000
Event: 417.923 Executing VM operation: RevokeBias
Event: 417.923 Thread 0x0000015dd3958000 Thread added: 0x0000015dd3958000
Event: 417.923 Executing VM operation: RevokeBias done
Event: 417.924 Executing VM operation: RevokeBias
Event: 417.924 Thread 0x0000015dd32e5000 Thread added: 0x0000015dd32e5000
Event: 417.924 Executing coalesced safepoint VM operation: RevokeBias
Event: 417.924 Executing coalesced safepoint VM operation: RevokeBias done
Event: 417.924 Executing VM operation: RevokeBias done
Event: 417.937 Thread 0x0000015dd32ec800 Thread added: 0x0000015dd32ec800
Event: 417.938 Thread 0x0000015dd32e8800 Thread added: 0x0000015dd32e8800
Event: 417.939 Thread 0x0000015dd32eb800 Thread added: 0x0000015dd32eb800
Event: 417.939 Thread 0x0000015dd32ee000 Thread added: 0x0000015dd32ee000
Event: 417.940 Thread 0x0000015dd32ef000 Thread added: 0x0000015dd32ef000


Dynamic libraries:
0x00007ff7752f0000 - 0x00007ff7752fa000 	C:\Program Files\Android\Android Studio\jre\bin\java.exe
0x00007ffb14890000 - 0x00007ffb14a85000 	C:\WINDOWS\SYSTEM32\ntdll.dll
0x00007ffb14420000 - 0x00007ffb144dd000 	C:\WINDOWS\System32\KERNEL32.DLL
0x00007ffb12350000 - 0x00007ffb12619000 	C:\WINDOWS\System32\KERNELBASE.dll
0x00007ffb12060000 - 0x00007ffb12160000 	C:\WINDOWS\System32\ucrtbase.dll
0x00007ffb07ad0000 - 0x00007ffb07ae9000 	C:\Program Files\Android\Android Studio\jre\bin\jli.dll
0x00007ffb079c0000 - 0x00007ffb079d7000 	C:\Program Files\Android\Android Studio\jre\bin\VCRUNTIME140.dll
0x00007ffb12ae0000 - 0x00007ffb12c80000 	C:\WINDOWS\System32\USER32.dll
0x00007ffb12320000 - 0x00007ffb12342000 	C:\WINDOWS\System32\win32u.dll
0x00007ffaf6990000 - 0x00007ffaf6c2a000 	C:\WINDOWS\WinSxS\amd64_microsoft.windows.common-controls_6595b64144ccf1df_6.0.19041.1110_none_60b5254171f9507e\COMCTL32.dll
0x00007ffb13900000 - 0x00007ffb1392a000 	C:\WINDOWS\System32\GDI32.dll
0x00007ffb13690000 - 0x00007ffb1372e000 	C:\WINDOWS\System32\msvcrt.dll
0x00007ffb12210000 - 0x00007ffb1231b000 	C:\WINDOWS\System32\gdi32full.dll
0x00007ffb126d0000 - 0x00007ffb1276d000 	C:\WINDOWS\System32\msvcp_win.dll
0x00007ffb130f0000 - 0x00007ffb13120000 	C:\WINDOWS\System32\IMM32.DLL
0x00007ffae0650000 - 0x00007ffae06ed000 	C:\Program Files\Android\Android Studio\jre\bin\msvcp140.dll
0x00007ffac7c80000 - 0x00007ffac873c000 	C:\Program Files\Android\Android Studio\jre\bin\server\jvm.dll
0x00007ffb14090000 - 0x00007ffb1413c000 	C:\WINDOWS\System32\ADVAPI32.dll
0x00007ffb13730000 - 0x00007ffb137cb000 	C:\WINDOWS\System32\sechost.dll
0x00007ffb129b0000 - 0x00007ffb12ada000 	C:\WINDOWS\System32\RPCRT4.dll
0x00007ffb13930000 - 0x00007ffb13938000 	C:\WINDOWS\System32\PSAPI.DLL
0x00007ffb0c9c0000 - 0x00007ffb0c9c9000 	C:\WINDOWS\SYSTEM32\WSOCK32.dll
0x00007ffafcf50000 - 0x00007ffafcf77000 	C:\WINDOWS\SYSTEM32\WINMM.dll
0x00007ffb08220000 - 0x00007ffb0822a000 	C:\WINDOWS\SYSTEM32\VERSION.dll
0x00007ffb146a0000 - 0x00007ffb1470b000 	C:\WINDOWS\System32\WS2_32.dll
0x00007ffb108e0000 - 0x00007ffb108f2000 	C:\WINDOWS\SYSTEM32\kernel.appcore.dll
0x00007ffb080a0000 - 0x00007ffb080b1000 	C:\Program Files\Android\Android Studio\jre\bin\verify.dll
0x00007ffb105b0000 - 0x00007ffb10794000 	C:\WINDOWS\SYSTEM32\DBGHELP.DLL
0x00007ffb06d30000 - 0x00007ffb06d5c000 	C:\WINDOWS\SYSTEM32\dbgcore.DLL
0x00007ffb11fd0000 - 0x00007ffb12053000 	C:\WINDOWS\System32\bcryptPrimitives.dll
0x00007ffaf1ce0000 - 0x00007ffaf1d09000 	C:\Program Files\Android\Android Studio\jre\bin\java.dll
0x00007ffb0c320000 - 0x00007ffb0c32b000 	C:\Program Files\Android\Android Studio\jre\bin\jimage.dll
0x00007ffb05cc0000 - 0x00007ffb05cd8000 	C:\Program Files\Android\Android Studio\jre\bin\zip.dll
0x00007ffb13940000 - 0x00007ffb1407f000 	C:\WINDOWS\System32\SHELL32.dll
0x00007ffb0fd40000 - 0x00007ffb104d1000 	C:\WINDOWS\SYSTEM32\windows.storage.dll
0x00007ffb13120000 - 0x00007ffb13475000 	C:\WINDOWS\System32\combase.dll
0x00007ffb11a40000 - 0x00007ffb11a6c000 	C:\WINDOWS\SYSTEM32\Wldp.dll
0x00007ffb12900000 - 0x00007ffb129ae000 	C:\WINDOWS\System32\SHCORE.dll
0x00007ffb14710000 - 0x00007ffb14765000 	C:\WINDOWS\System32\shlwapi.dll
0x00007ffb11f10000 - 0x00007ffb11f2f000 	C:\WINDOWS\SYSTEM32\profapi.dll
0x00007ffafd560000 - 0x00007ffafd57a000 	C:\Program Files\Android\Android Studio\jre\bin\net.dll
0x00007ffb04bc0000 - 0x00007ffb04cca000 	C:\WINDOWS\SYSTEM32\WINHTTP.dll
0x00007ffb117a0000 - 0x00007ffb1180a000 	C:\WINDOWS\system32\mswsock.dll
0x00007ffaf2db0000 - 0x00007ffaf2dc4000 	C:\Program Files\Android\Android Studio\jre\bin\nio.dll
0x00007ffaf2dd0000 - 0x00007ffaf2df7000 	C:\Users\Owl\.gradle\native\fdc75f09e3144964f2cf3f50f0aa648679c211496f362492102eb8c894070792\windows-amd64\native-platform.dll
0x00007fface280000 - 0x00007fface416000 	C:\Users\Owl\.gradle\native\12488b8bf47d2d4c9fbf2f6322a914ad602e24e48041cd04a747c6da556b65c4\windows-amd64\native-platform-file-events.dll
0x00007ffb08100000 - 0x00007ffb0810a000 	C:\Program Files\Android\Android Studio\jre\bin\management.dll
0x00007ffb08090000 - 0x00007ffb0809c000 	C:\Program Files\Android\Android Studio\jre\bin\management_ext.dll
0x00007ffb11980000 - 0x00007ffb11998000 	C:\WINDOWS\SYSTEM32\CRYPTSP.dll
0x00007ffb110d0000 - 0x00007ffb11104000 	C:\WINDOWS\system32\rsaenh.dll
0x00007ffb128d0000 - 0x00007ffb128f7000 	C:\WINDOWS\System32\bcrypt.dll
0x00007ffb11e90000 - 0x00007ffb11ebe000 	C:\WINDOWS\SYSTEM32\USERENV.dll
0x00007ffb119a0000 - 0x00007ffb119ac000 	C:\WINDOWS\SYSTEM32\CRYPTBASE.dll
0x00007ffb11440000 - 0x00007ffb1147b000 	C:\WINDOWS\SYSTEM32\IPHLPAPI.DLL
0x00007ffb14080000 - 0x00007ffb14088000 	C:\WINDOWS\System32\NSI.dll
0x00007ffb06ac0000 - 0x00007ffb06ad7000 	C:\WINDOWS\SYSTEM32\dhcpcsvc6.DLL
0x00007ffb07500000 - 0x00007ffb0751d000 	C:\WINDOWS\SYSTEM32\dhcpcsvc.DLL
0x00007ffb11480000 - 0x00007ffb1154c000 	C:\WINDOWS\SYSTEM32\DNSAPI.dll
0x00007ffb0b970000 - 0x00007ffb0b97b000 	C:\WINDOWS\SYSTEM32\WINNSI.DLL
0x00007ffb05a60000 - 0x00007ffb05a7e000 	C:\Users\Owl\AppData\Local\Temp\native-platform3520989304050769107dir\native-platform.dll
0x00007ffb0c3f0000 - 0x00007ffb0c3f8000 	C:\Program Files\Android\Android Studio\jre\bin\rmi.dll
0x00007ffaeee30000 - 0x00007ffaeee57000 	C:\Program Files\Android\Android Studio\jre\bin\sunec.dll

dbghelp: loaded successfully - version: 4.0.5 - missing functions: none
symbol engine: initialized successfully - sym options: 0x614 - pdb path: .;C:\Program Files\Android\Android Studio\jre\bin;C:\WINDOWS\SYSTEM32;C:\WINDOWS\WinSxS\amd64_microsoft.windows.common-controls_6595b64144ccf1df_6.0.19041.1110_none_60b5254171f9507e;C:\Program Files\Android\Android Studio\jre\bin\server;C:\Users\Owl\.gradle\native\fdc75f09e3144964f2cf3f50f0aa648679c211496f362492102eb8c894070792\windows-amd64;C:\Users\Owl\.gradle\native\12488b8bf47d2d4c9fbf2f6322a914ad602e24e48041cd04a747c6da556b65c4\windows-amd64;C:\Users\Owl\AppData\Local\Temp\native-platform3520989304050769107dir

VM Arguments:
jvm_args: --add-opens=java.base/java.util=ALL-UNNAMED --add-opens=java.base/java.lang=ALL-UNNAMED --add-opens=java.base/java.lang.invoke=ALL-UNNAMED --add-opens=java.prefs/java.util.prefs=ALL-UNNAMED -Xmx2048m -Dfile.encoding=UTF-8 -Duser.country=RU -Duser.language=ru -Duser.variant 
java_command: org.gradle.launcher.daemon.bootstrap.GradleDaemon 6.7.1
java_class_path (initial): C:\Users\Owl\.gradle\wrapper\dists\gradle-6.7.1-bin\bwlcbys1h7rz3272sye1xwiv6\gradle-6.7.1\lib\gradle-launcher-6.7.1.jar
Launcher Type: SUN_STANDARD

[Global flags]
     intx CICompilerCount                          = 4                                         {product} {ergonomic}
     uint ConcGCThreads                            = 2                                         {product} {ergonomic}
     uint G1ConcRefinementThreads                  = 8                                         {product} {ergonomic}
   size_t G1HeapRegionSize                         = 1048576                                   {product} {ergonomic}
    uintx GCDrainStackTargetSize                   = 64                                        {product} {ergonomic}
   size_t InitialHeapSize                          = 132120576                                 {product} {ergonomic}
   size_t MarkStackSize                            = 4194304                                   {product} {ergonomic}
   size_t MaxHeapSize                              = 2147483648                                {product} {command line}
   size_t MaxNewSize                               = 1287651328                                {product} {ergonomic}
   size_t MinHeapDeltaBytes                        = 1048576                                   {product} {ergonomic}
    uintx NonNMethodCodeHeapSize                   = 5836300                                {pd product} {ergonomic}
    uintx NonProfiledCodeHeapSize                  = 122910970                              {pd product} {ergonomic}
    uintx ProfiledCodeHeapSize                     = 122910970                              {pd product} {ergonomic}
    uintx ReservedCodeCacheSize                    = 251658240                              {pd product} {ergonomic}
     bool SegmentedCodeCache                       = true                                      {product} {ergonomic}
     bool UseCompressedClassPointers               = true                                 {lp64_product} {ergonomic}
     bool UseCompressedOops                        = true                                 {lp64_product} {ergonomic}
     bool UseG1GC                                  = true                                      {product} {ergonomic}
     bool UseLargePagesIndividualAllocation        = false                                  {pd product} {ergonomic}

Logging:
Log output configuration:
 #0: stdout all=warning uptime,level,tags
 #1: stderr all=off uptime,level,tags

Environment Variables:
PATH=C:\ProgramData\Oracle\Java\javapath;C:\WINDOWS\system32;C:\WINDOWS;C:\WINDOWS\System32\Wbem;C:\WINDOWS\System32\WindowsPowerShell\v1.0\;C:\WINDOWS\System32\OpenSSH\;C:\Program Files\Git\cmd;C:\Users\Owl\AppData\Local\Microsoft\WindowsApps;
USERNAME=Owl
OS=Windows_NT
PROCESSOR_IDENTIFIER=Intel64 Family 6 Model 126 Stepping 5, GenuineIntel



---------------  S Y S T E M  ---------------

OS: Windows 10 , 64 bit Build 19041 (10.0.19041.1023)
OS uptime: 5 days 4:33 hours

CPU:total 8 (initial active 8) (4 cores per cpu, 2 threads per core) family 6 model 126 stepping 5, cmov, cx8, fxsr, mmx, sse, sse2, sse3, ssse3, sse4.1, sse4.2, popcnt, avx, avx2, aes, clmul, erms, 3dnowpref, lzcnt, ht, tsc, tscinvbit, bmi1, bmi2, adx, evex, sha, fma

Memory: 4k page, system-wide physical 7960M (1204M free)
TotalPageFile size 13977M (AvailPageFile size 4127M)
current process WorkingSet (physical memory assigned to process): 508M, peak: 512M
current process commit charge ("private bytes"): 547M, peak: 552M

vm_info: OpenJDK 64-Bit Server VM (11.0.8+10-b944.6842174) for windows-amd64 JRE (11.0.8+10-b944.6842174), built on Sep 19 2020 01:11:42 by "builder" with MS VC++ 14.0 (VS2015)

END.
